# lattice-scale --inv-acoustic-scale=9 "ark:gunzip -c exp/tri2/decode/lat.*.gz|" ark:- | lattice-add-penalty --word-ins-penalty=0.5 ark:- ark:- | lattice-best-path --word-symbol-table=exp/tri2/graph/words.txt ark:- ark,t:- | utils/int2sym.pl -f 2- exp/tri2/graph/words.txt | cat > exp/tri2/decode/scoring_kaldi/penalty_0.5/9.txt 
# Started at Sun May  2 10:02:36 UTC 2021
#
lattice-scale --inv-acoustic-scale=9 'ark:gunzip -c exp/tri2/decode/lat.*.gz|' ark:- 
lattice-best-path --word-symbol-table=exp/tri2/graph/words.txt ark:- ark,t:- 
lattice-add-penalty --word-ins-penalty=0.5 ark:- ark:- 
LOG (lattice-best-path[5.5.0~1531-d619]:main():lattice-best-path.cc:99) For utterance 6030133421_0004, best cost 26.5281 + 3070.95 = 3097.48 over 303 frames.
6030133421_0004 ไป หน้า ถัดไป 
LOG (lattice-best-path[5.5.0~1531-d619]:main():lattice-best-path.cc:99) For utterance 6030133421_0006, best cost 28.1551 + 2482.75 = 2510.91 over 237 frames.
6030133421_0006 ไป หน้า ก่อน หน้า 
LOG (lattice-best-path[5.5.0~1531-d619]:main():lattice-best-path.cc:99) For utterance 6030133421_0008, best cost 20.3588 + 2124.08 = 2144.44 over 208 frames.
6030133421_0008 ไป หน้า แรก 
LOG (lattice-best-path[5.5.0~1531-d619]:main():lattice-best-path.cc:99) For utterance 6030133421_0010, best cost 30.5096 + 2409.76 = 2440.27 over 225 frames.
6030133421_0010 เหล้า ไป หน้า แรก 
LOG (lattice-best-path[5.5.0~1531-d619]:main():lattice-best-path.cc:99) For utterance 6030133421_0012, best cost 23.6741 + 2453.7 = 2477.37 over 223 frames.
6030133421_0012 ไป หน้า สุดท้าย 
LOG (lattice-best-path[5.5.0~1531-d619]:main():lattice-best-path.cc:99) For utterance 6030133421_0014, best cost 32.0267 + 3306.02 = 3338.05 over 313 frames.
6030133421_0014 เปลี่ยน หน้า ไป หน้า ที่ หนึ่ง 
LOG (lattice-best-path[5.5.0~1531-d619]:main():lattice-best-path.cc:99) For utterance 6030133421_0016, best cost 31.5726 + 2837.92 = 2869.5 over 263 frames.
6030133421_0016 เปลี่ยน หน้า ไป หน้า ที่ สาม 
LOG (lattice-best-path[5.5.0~1531-d619]:main():lattice-best-path.cc:99) For utterance 6030133421_0018, best cost 30.1147 + 3495.58 = 3525.69 over 342 frames.
6030133421_0018 เปลี่ยน หน้า ไป หน้า ที่ เก้า 
LOG (lattice-best-path[5.5.0~1531-d619]:main():lattice-best-path.cc:99) For utterance 6030133421_0020, best cost 38.3057 + 3323.2 = 3361.5 over 306 frames.
6030133421_0020 เปลี่ยน หน้า ไป หน้า ที่ สิบ เสต๊ก 
LOG (lattice-best-path[5.5.0~1531-d619]:main():lattice-best-path.cc:99) For utterance 6030133421_0022, best cost 32.1166 + 3058.16 = 3090.28 over 282 frames.
6030133421_0022 เปลี่ยน หน้า ไป หน้า ที่ แปด 
LOG (lattice-best-path[5.5.0~1531-d619]:main():lattice-best-path.cc:99) For utterance 6030133421_0024, best cost 34.4893 + 3416.32 = 3450.81 over 312 frames.
6030133421_0024 เปลี่ยน หน้า ไป หน้า ที่ ยี่ สิบ 
LOG (lattice-best-path[5.5.0~1531-d619]:main():lattice-best-path.cc:99) For utterance 6030133421_0026, best cost 41.0762 + 4110.96 = 4152.04 over 384 frames.
6030133421_0026 ย้อน ร้าน ลำดับ ที่ สี่ 
LOG (lattice-best-path[5.5.0~1531-d619]:main():lattice-best-path.cc:99) For utterance 6030133421_0028, best cost 29.7959 + 2977 = 3006.79 over 275 frames.
6030133421_0028 เลือก ร้าน ที่ สิบ เก้า 
LOG (lattice-best-path[5.5.0~1531-d619]:main():lattice-best-path.cc:99) For utterance 6030133421_0030, best cost 32.4103 + 3226.05 = 3258.46 over 272 frames.
6030133421_0030 เลือก ร้าน ลำดับ ที่ ยี่ สิบ 
LOG (lattice-best-path[5.5.0~1531-d619]:main():lattice-best-path.cc:99) For utterance 6030133421_0032, best cost 31.0931 + 2671.51 = 2702.6 over 244 frames.
6030133421_0032 เลือก ร้าน ที่ สิบ ไป 
LOG (lattice-best-path[5.5.0~1531-d619]:main():lattice-best-path.cc:99) For utterance 6030133421_0034, best cost 30.2586 + 2665.41 = 2695.67 over 233 frames.
6030133421_0034 เลือก ร้าน ลำดับ สิบ สอง 
LOG (lattice-best-path[5.5.0~1531-d619]:main():lattice-best-path.cc:99) For utterance 6030133421_0036, best cost 28.0367 + 3056.9 = 3084.93 over 277 frames.
6030133421_0036 เลือก ร้าน ที่ สิบ เอ็ด 
LOG (lattice-best-path[5.5.0~1531-d619]:main():lattice-best-path.cc:99) For utterance 6030133421_0038, best cost 25.0448 + 2275.98 = 2301.03 over 208 frames.
6030133421_0038 เลือก รายการ แปด 
LOG (lattice-best-path[5.5.0~1531-d619]:main():lattice-best-path.cc:99) For utterance 6030133421_0040, best cost 30.4661 + 3146.77 = 3177.24 over 284 frames.
6030133421_0040 เลือก ลำดับ ที่ สิบ สาม 
LOG (lattice-best-path[5.5.0~1531-d619]:main():lattice-best-path.cc:99) For utterance 6030133421_0042, best cost 27.6248 + 2849.73 = 2877.36 over 267 frames.
6030133421_0042 เลือก รายการ ที่ เก้า 
LOG (lattice-best-path[5.5.0~1531-d619]:main():lattice-best-path.cc:99) For utterance 6030133421_0044, best cost 25.5933 + 2307.58 = 2333.18 over 207 frames.
6030133421_0044 เลือก รายการ สิบ 
LOG (lattice-best-path[5.5.0~1531-d619]:main():lattice-best-path.cc:99) For utterance 6030352521_0046, best cost 31.367 + 1854.04 = 1885.4 over 203 frames.
6030352521_0046 ประเภท ที่ ที่ หนึ่ง 
LOG (lattice-best-path[5.5.0~1531-d619]:main():lattice-best-path.cc:99) For utterance 6030352521_0048, best cost 23.1795 + 1877.31 = 1900.49 over 210 frames.
6030352521_0048 ประเภท คลองสาร 
LOG (lattice-best-path[5.5.0~1531-d619]:main():lattice-best-path.cc:99) For utterance 6030352521_0050, best cost 21.0128 + 2390.5 = 2411.51 over 275 frames.
6030352521_0050 ประเภท สี่ 
LOG (lattice-best-path[5.5.0~1531-d619]:main():lattice-best-path.cc:99) For utterance 6030352521_0052, best cost 27.6502 + 1952.57 = 1980.22 over 215 frames.
6030352521_0052 ประเภท บุฟเฟ่ต์ เสต๊ก 
LOG (lattice-best-path[5.5.0~1531-d619]:main():lattice-best-path.cc:99) For utterance 6030352521_0054, best cost 23.4472 + 2205.57 = 2229.01 over 248 frames.
6030352521_0054 ประเภท อาหาร เกาหลี 
LOG (lattice-best-path[5.5.0~1531-d619]:main():lattice-best-path.cc:99) For utterance 6030352521_0056, best cost 29.1229 + 2068.28 = 2097.41 over 228 frames.
6030352521_0056 ประเภท อาหาร ที่ สาม 
LOG (lattice-best-path[5.5.0~1531-d619]:main():lattice-best-path.cc:99) For utterance 6030352521_0058, best cost 22.2975 + 1815.25 = 1837.55 over 210 frames.
6030352521_0058 ร้าน ติ่มซำ 
LOG (lattice-best-path[5.5.0~1531-d619]:main():lattice-best-path.cc:99) For utterance 6030352521_0060, best cost 21.5119 + 1793.16 = 1814.68 over 200 frames.
6030352521_0060 ร้าน อาหาร ทะเล 
LOG (lattice-best-path[5.5.0~1531-d619]:main():lattice-best-path.cc:99) For utterance 6030352521_0062, best cost 31.4115 + 2345.84 = 2377.25 over 266 frames.
6030352521_0062 หา ร้าน ที่ ที่ เก้า 
LOG (lattice-best-path[5.5.0~1531-d619]:main():lattice-best-path.cc:99) For utterance 6030352521_0064, best cost 25.3144 + 1990.67 = 2015.98 over 233 frames.
6030352521_0064 หา ร้าน ที่ หนึ่ง 
LOG (lattice-scale[5.5.0~1531-d619]:main():lattice-scale.cc:107) Done 59 lattices.
LOG (lattice-best-path[5.5.0~1531-d619]:main():lattice-best-path.cc:99) For utterance 6030352521_0066, best cost 35.7646 + 2179.68 = 2215.45 over 248 frames.
6030352521_0066 หา ร้าน รูป ถัด ห้า 
LOG (lattice-best-path[5.5.0~1531-d619]:main():lattice-best-path.cc:99) For utterance 6030352521_0068, best cost 18.8457 + 2121.23 = 2140.07 over 251 frames.
6030352521_0068 เลือก ประเภท 
LOG (lattice-best-path[5.5.0~1531-d619]:main():lattice-best-path.cc:99) For utterance 6030352521_0070, best cost 31.0315 + 2773.1 = 2804.13 over 306 frames.
6030352521_0070 แสดง ประเภท ร้าน อาหาร 
LOG (lattice-best-path[5.5.0~1531-d619]:main():lattice-best-path.cc:99) For utterance 6030352521_0072, best cost 15.6838 + 1764.7 = 1780.39 over 201 frames.
6030352521_0072 ยกเลิก 
LOG (lattice-best-path[5.5.0~1531-d619]:main():lattice-best-path.cc:99) For utterance 6030352521_0074, best cost 23.1896 + 2196.7 = 2219.89 over 239 frames.
6030352521_0074 ช่วง ราคา ถูก มาก 
LOG (lattice-best-path[5.5.0~1531-d619]:main():lattice-best-path.cc:99) For utterance 6030352521_0076, best cost 20.5159 + 2220.88 = 2241.4 over 257 frames.
6030352521_0076 ราคา ปานกลาง 
LOG (lattice-best-path[5.5.0~1531-d619]:main():lattice-best-path.cc:99) For utterance 6030352521_0078, best cost 18.2128 + 2185.18 = 2203.4 over 248 frames.
6030352521_0078 ราคา ถูก 
LOG (lattice-best-path[5.5.0~1531-d619]:main():lattice-best-path.cc:99) For utterance 6030352521_0080, best cost 19.577 + 1876.22 = 1895.8 over 212 frames.
6030352521_0080 ราคา ถูก มาก 
LOG (lattice-best-path[5.5.0~1531-d619]:main():lattice-best-path.cc:99) For utterance 6030352521_0082, best cost 37.4042 + 1984.78 = 2022.18 over 212 frames.
6030352521_0082 อย่าง ต่ำ สาม อย่าง 
LOG (lattice-best-path[5.5.0~1531-d619]:main():lattice-best-path.cc:99) For utterance 6030352521_0084, best cost 33.8524 + 1755.26 = 1789.11 over 194 frames.
6030352521_0084 ใน เลือก อย่าง 
LOG (lattice-best-path[5.5.0~1531-d619]:main():lattice-best-path.cc:99) For utterance 6030352521_0086, best cost 20.619 + 2153.77 = 2174.39 over 228 frames.
6030352521_0086 บริเวณ สยาม 
LOG (lattice-best-path[5.5.0~1531-d619]:main():lattice-best-path.cc:99) For utterance 6030352521_0088, best cost 25.2086 + 2019.39 = 2044.6 over 221 frames.
6030352521_0088 แถว แถว ข้าวสาร 
LOG (lattice-best-path[5.5.0~1531-d619]:main():lattice-best-path.cc:99) For utterance 6030352521_0090, best cost 19.1203 + 1851.96 = 1871.08 over 206 frames.
6030352521_0090 แถว คลองตัน 
LOG (lattice-best-path[5.5.0~1531-d619]:main():lattice-best-path.cc:99) For utterance 6030352521_0092, best cost 23.9403 + 2171.68 = 2195.62 over 231 frames.
6030352521_0092 ใน ตลาดนัด จตุจักร 
LOG (lattice-best-path[5.5.0~1531-d619]:main():lattice-best-path.cc:99) For utterance 6030352521_0094, best cost 17.9701 + 2029.08 = 2047.05 over 233 frames.
6030352521_0094 เลือก สถานที่ 
LOG (lattice-best-path[5.5.0~1531-d619]:main():lattice-best-path.cc:99) For utterance 6031323521_0096, best cost 22.9352 + 1813.64 = 1836.57 over 172 frames.
6031323521_0096 ดู รีวิว ถัด 
LOG (lattice-best-path[5.5.0~1531-d619]:main():lattice-best-path.cc:99) For utterance 6031323521_0098, best cost 23.0362 + 2024.48 = 2047.52 over 191 frames.
6031323521_0098 ดู รีวิว ถัด ไป 
LOG (lattice-best-path[5.5.0~1531-d619]:main():lattice-best-path.cc:99) For utterance 6031323521_0100, best cost 15.8458 + 1597.02 = 1612.87 over 159 frames.
6031323521_0100 นำทาง 
LOG (lattice-best-path[5.5.0~1531-d619]:main():lattice-best-path.cc:99) For utterance 6031323521_0102, best cost 31.0289 + 1726.26 = 1757.29 over 159 frames.
LOG (lattice-add-penalty[5.5.0~1531-d619]:main():lattice-add-penalty.cc:62) Done adding word insertion penalty to 59 lattices.
6031323521_0102 นำทาง ไป ที่ ร้าน 
LOG (lattice-best-path[5.5.0~1531-d619]:main():lattice-best-path.cc:99) For utterance 6031323521_0104, best cost 24.1224 + 1490.94 = 1515.06 over 148 frames.
6031323521_0104 ดู เบอร์ เก้า 
LOG (lattice-best-path[5.5.0~1531-d619]:main():lattice-best-path.cc:99) For utterance 6031323521_0106, best cost 25.8703 + 1481.81 = 1507.68 over 132 frames.
6031323521_0106 ดู เบอร์ โทรศัพท์ ร้าน 
LOG (lattice-best-path[5.5.0~1531-d619]:main():lattice-best-path.cc:99) For utterance 6031323521_0108, best cost 20.887 + 1251.85 = 1272.74 over 121 frames.
6031323521_0108 โทรศัพท์ หา ร้าน 
LOG (lattice-best-path[5.5.0~1531-d619]:main():lattice-best-path.cc:99) For utterance 6031323521_0110, best cost 19.8936 + 1762.97 = 1782.86 over 169 frames.
6031323521_0110 ดู รูป ถัด ไป 
LOG (lattice-best-path[5.5.0~1531-d619]:main():lattice-best-path.cc:99) For utterance 6031323521_0112, best cost 21.7763 + 1811.79 = 1833.57 over 181 frames.
6031323521_0112 ดู รูป ก่อน หน้า 
LOG (lattice-best-path[5.5.0~1531-d619]:main():lattice-best-path.cc:99) For utterance 6031323521_0114, best cost 34.9928 + 1654.02 = 1689.01 over 154 frames.
6031323521_0114 มี ที่ ดาว ไหม 
LOG (lattice-best-path[5.5.0~1531-d619]:main():lattice-best-path.cc:99) For utterance 6031323521_0116, best cost 31.2917 + 1817.25 = 1848.54 over 167 frames.
6031323521_0116 ลำดับ ที่ ยี่ ไหม 
LOG (lattice-best-path[5.5.0~1531-d619]:main():lattice-best-path.cc:99) For utterance 6031323521_0118, best cost 19.3964 + 1755.36 = 1774.76 over 178 frames.
6031323521_0118 มี เบียร์ ไหม 
LOG (lattice-best-path[5.5.0~1531-d619]:main():lattice-best-path.cc:99) For utterance 6031323521_0120, best cost 28.5211 + 1691.51 = 1720.03 over 160 frames.
6031323521_0120 เกาหลี เปิด ไหม 
LOG (lattice-best-path[5.5.0~1531-d619]:main():lattice-best-path.cc:124) Overall cost per frame is 10.0723 = 0.115742 [graph] + 9.95655 [acoustic] over 13531 frames.
LOG (lattice-best-path[5.5.0~1531-d619]:main():lattice-best-path.cc:128) Done 59 lattices, failed for 0
# Accounting: time=0 threads=1
# Ended (code 0) at Sun May  2 10:02:36 UTC 2021, elapsed time 0 seconds
