# lattice-scale --inv-acoustic-scale=16 "ark:gunzip -c exp/tri2/decode/lat.*.gz|" ark:- | lattice-add-penalty --word-ins-penalty=0.5 ark:- ark:- | lattice-best-path --word-symbol-table=exp/tri2/graph/words.txt ark:- ark,t:- | utils/int2sym.pl -f 2- exp/tri2/graph/words.txt | cat > exp/tri2/decode/scoring_kaldi/penalty_0.5/16.txt 
# Started at Sun May  2 10:02:36 UTC 2021
#
lattice-add-penalty --word-ins-penalty=0.5 ark:- ark:- 
lattice-scale --inv-acoustic-scale=16 'ark:gunzip -c exp/tri2/decode/lat.*.gz|' ark:- 
lattice-best-path --word-symbol-table=exp/tri2/graph/words.txt ark:- ark,t:- 
LOG (lattice-best-path[5.5.0~1531-d619]:main():lattice-best-path.cc:99) For utterance 6030133421_0004, best cost 26.5281 + 1727.41 = 1753.94 over 303 frames.
6030133421_0004 ไป หน้า ถัดไป 
LOG (lattice-best-path[5.5.0~1531-d619]:main():lattice-best-path.cc:99) For utterance 6030133421_0006, best cost 22.9858 + 1400.03 = 1423.02 over 237 frames.
6030133421_0006 ไป หน้า ก่อนหน้า 
LOG (lattice-best-path[5.5.0~1531-d619]:main():lattice-best-path.cc:99) For utterance 6030133421_0008, best cost 20.3588 + 1194.8 = 1215.15 over 208 frames.
6030133421_0008 ไป หน้า แรก 
LOG (lattice-best-path[5.5.0~1531-d619]:main():lattice-best-path.cc:99) For utterance 6030133421_0010, best cost 26.4382 + 1358.56 = 1385 over 225 frames.
6030133421_0010 กลับ ไป หน้า แรก 
LOG (lattice-best-path[5.5.0~1531-d619]:main():lattice-best-path.cc:99) For utterance 6030133421_0012, best cost 23.6741 + 1380.21 = 1403.88 over 223 frames.
6030133421_0012 ไป หน้า สุดท้าย 
LOG (lattice-best-path[5.5.0~1531-d619]:main():lattice-best-path.cc:99) For utterance 6030133421_0014, best cost 32.0267 + 1859.64 = 1891.66 over 313 frames.
6030133421_0014 เปลี่ยน หน้า ไป หน้า ที่ หนึ่ง 
LOG (lattice-best-path[5.5.0~1531-d619]:main():lattice-best-path.cc:99) For utterance 6030133421_0016, best cost 31.5726 + 1596.33 = 1627.91 over 263 frames.
6030133421_0016 เปลี่ยน หน้า ไป หน้า ที่ สาม 
LOG (lattice-best-path[5.5.0~1531-d619]:main():lattice-best-path.cc:99) For utterance 6030133421_0018, best cost 30.1147 + 1966.26 = 1996.38 over 342 frames.
6030133421_0018 เปลี่ยน หน้า ไป หน้า ที่ เก้า 
LOG (lattice-best-path[5.5.0~1531-d619]:main():lattice-best-path.cc:99) For utterance 6030133421_0020, best cost 34.3716 + 1872.92 = 1907.29 over 306 frames.
6030133421_0020 เปลี่ยน หน้า ไป หน้า ที่ สิบ เจ็ด 
LOG (lattice-best-path[5.5.0~1531-d619]:main():lattice-best-path.cc:99) For utterance 6030133421_0022, best cost 32.1166 + 1720.22 = 1752.33 over 282 frames.
6030133421_0022 เปลี่ยน หน้า ไป หน้า ที่ แปด 
LOG (lattice-best-path[5.5.0~1531-d619]:main():lattice-best-path.cc:99) For utterance 6030133421_0024, best cost 34.4893 + 1921.68 = 1956.17 over 312 frames.
6030133421_0024 เปลี่ยน หน้า ไป หน้า ที่ ยี่ สิบ 
LOG (lattice-best-path[5.5.0~1531-d619]:main():lattice-best-path.cc:99) For utterance 6030133421_0026, best cost 41.0762 + 2312.42 = 2353.49 over 384 frames.
6030133421_0026 ย้อน ร้าน ลำดับ ที่ สี่ 
LOG (lattice-best-path[5.5.0~1531-d619]:main():lattice-best-path.cc:99) For utterance 6030133421_0028, best cost 29.7959 + 1674.56 = 1704.36 over 275 frames.
6030133421_0028 เลือก ร้าน ที่ สิบ เก้า 
LOG (lattice-best-path[5.5.0~1531-d619]:main():lattice-best-path.cc:99) For utterance 6030133421_0030, best cost 32.4103 + 1814.65 = 1847.06 over 272 frames.
6030133421_0030 เลือก ร้าน ลำดับ ที่ ยี่ สิบ 
LOG (lattice-best-path[5.5.0~1531-d619]:main():lattice-best-path.cc:99) For utterance 6030133421_0032, best cost 26.0513 + 1506.02 = 1532.07 over 244 frames.
6030133421_0032 เลือก ร้าน ที่ สิบ แปด 
LOG (lattice-best-path[5.5.0~1531-d619]:main():lattice-best-path.cc:99) For utterance 6030133421_0034, best cost 30.2586 + 1499.29 = 1529.55 over 233 frames.
6030133421_0034 เลือก ร้าน ลำดับ สิบ สอง 
LOG (lattice-best-path[5.5.0~1531-d619]:main():lattice-best-path.cc:99) For utterance 6030133421_0036, best cost 28.0367 + 1719.5 = 1747.54 over 277 frames.
6030133421_0036 เลือก ร้าน ที่ สิบ เอ็ด 
LOG (lattice-best-path[5.5.0~1531-d619]:main():lattice-best-path.cc:99) For utterance 6030133421_0038, best cost 25.0448 + 1280.24 = 1305.29 over 208 frames.
6030133421_0038 เลือก รายการ แปด 
LOG (lattice-best-path[5.5.0~1531-d619]:main():lattice-best-path.cc:99) For utterance 6030133421_0040, best cost 30.4661 + 1770.06 = 1800.53 over 284 frames.
6030133421_0040 เลือก ลำดับ ที่ สิบ สาม 
LOG (lattice-best-path[5.5.0~1531-d619]:main():lattice-best-path.cc:99) For utterance 6030133421_0042, best cost 27.6248 + 1602.97 = 1630.6 over 267 frames.
6030133421_0042 เลือก รายการ ที่ เก้า 
LOG (lattice-best-path[5.5.0~1531-d619]:main():lattice-best-path.cc:99) For utterance 6030133421_0044, best cost 25.5933 + 1298.02 = 1323.61 over 207 frames.
6030133421_0044 เลือก รายการ สิบ 
LOG (lattice-best-path[5.5.0~1531-d619]:main():lattice-best-path.cc:99) For utterance 6030352521_0046, best cost 31.367 + 1042.89 = 1074.26 over 203 frames.
6030352521_0046 ประเภท ที่ ที่ หนึ่ง 
LOG (lattice-best-path[5.5.0~1531-d619]:main():lattice-best-path.cc:99) For utterance 6030352521_0048, best cost 23.1795 + 1055.99 = 1079.17 over 210 frames.
6030352521_0048 ประเภท คลองสาร 
LOG (lattice-best-path[5.5.0~1531-d619]:main():lattice-best-path.cc:99) For utterance 6030352521_0050, best cost 21.0128 + 1344.65 = 1365.67 over 275 frames.
6030352521_0050 ประเภท สี่ 
LOG (lattice-best-path[5.5.0~1531-d619]:main():lattice-best-path.cc:99) For utterance 6030352521_0052, best cost 24.6313 + 1100.06 = 1124.7 over 215 frames.
6030352521_0052 ประเภท บัตรเครดิต 
LOG (lattice-best-path[5.5.0~1531-d619]:main():lattice-best-path.cc:99) For utterance 6030352521_0054, best cost 23.4472 + 1240.63 = 1264.08 over 248 frames.
6030352521_0054 ประเภท อาหาร เกาหลี 
LOG (lattice-best-path[5.5.0~1531-d619]:main():lattice-best-path.cc:99) For utterance 6030352521_0056, best cost 24.4073 + 1167.09 = 1191.5 over 228 frames.
6030352521_0056 ประเภท อาหาร อีสาน 
LOG (lattice-best-path[5.5.0~1531-d619]:main():lattice-best-path.cc:99) For utterance 6030352521_0058, best cost 22.2975 + 1021.08 = 1043.38 over 210 frames.
LOG (lattice-scale[5.5.0~1531-d619]:main():lattice-scale.cc:107) Done 59 lattices.
6030352521_0058 ร้าน ติ่มซำ 
LOG (lattice-best-path[5.5.0~1531-d619]:main():lattice-best-path.cc:99) For utterance 6030352521_0060, best cost 21.5119 + 1008.66 = 1030.17 over 200 frames.
6030352521_0060 ร้าน อาหาร ทะเล 
LOG (lattice-best-path[5.5.0~1531-d619]:main():lattice-best-path.cc:99) For utterance 6030352521_0062, best cost 31.4115 + 1319.53 = 1350.95 over 266 frames.
6030352521_0062 หา ร้าน ที่ ที่ เก้า 
LOG (lattice-best-path[5.5.0~1531-d619]:main():lattice-best-path.cc:99) For utterance 6030352521_0064, best cost 25.3144 + 1119.75 = 1145.07 over 233 frames.
6030352521_0064 หา ร้าน ที่ หนึ่ง 
LOG (lattice-best-path[5.5.0~1531-d619]:main():lattice-best-path.cc:99) For utterance 6030352521_0066, best cost 27.638 + 1231.34 = 1258.98 over 248 frames.
6030352521_0066 หา ร้าน ร้านอาหาร 
LOG (lattice-best-path[5.5.0~1531-d619]:main():lattice-best-path.cc:99) For utterance 6030352521_0068, best cost 18.8457 + 1193.19 = 1212.04 over 251 frames.
6030352521_0068 เลือก ประเภท 
LOG (lattice-best-path[5.5.0~1531-d619]:main():lattice-best-path.cc:99) For utterance 6030352521_0070, best cost 31.0315 + 1559.87 = 1590.9 over 306 frames.
6030352521_0070 แสดง ประเภท ร้าน อาหาร 
LOG (lattice-best-path[5.5.0~1531-d619]:main():lattice-best-path.cc:99) For utterance 6030352521_0072, best cost 15.6838 + 992.645 = 1008.33 over 201 frames.
6030352521_0072 ยกเลิก 
LOG (lattice-best-path[5.5.0~1531-d619]:main():lattice-best-path.cc:99) For utterance 6030352521_0074, best cost 23.1896 + 1235.64 = 1258.83 over 239 frames.
6030352521_0074 ช่วง ราคา ถูก มาก 
LOG (lattice-best-path[5.5.0~1531-d619]:main():lattice-best-path.cc:99) For utterance 6030352521_0076, best cost 20.5159 + 1249.25 = 1269.76 over 257 frames.
6030352521_0076 ราคา ปานกลาง 
LOG (lattice-best-path[5.5.0~1531-d619]:main():lattice-best-path.cc:99) For utterance 6030352521_0078, best cost 18.2128 + 1229.17 = 1247.38 over 248 frames.
6030352521_0078 ราคา ถูก 
LOG (lattice-best-path[5.5.0~1531-d619]:main():lattice-best-path.cc:99) For utterance 6030352521_0080, best cost 19.577 + 1055.37 = 1074.95 over 212 frames.
6030352521_0080 ราคา ถูก มาก 
LOG (lattice-best-path[5.5.0~1531-d619]:main():lattice-best-path.cc:99) For utterance 6030352521_0082, best cost 37.4042 + 1116.44 = 1153.84 over 212 frames.
6030352521_0082 อย่าง ต่ำ สาม อย่าง 
LOG (lattice-best-path[5.5.0~1531-d619]:main():lattice-best-path.cc:99) For utterance 6030352521_0084, best cost 28.4791 + 990.716 = 1019.2 over 194 frames.
6030352521_0084 ไม่เลือก อย่าง 
LOG (lattice-best-path[5.5.0~1531-d619]:main():lattice-best-path.cc:99) For utterance 6030352521_0086, best cost 20.619 + 1211.5 = 1232.12 over 228 frames.
LOG (lattice-add-penalty[5.5.0~1531-d619]:main():lattice-add-penalty.cc:62) Done adding word insertion penalty to 59 lattices.
6030352521_0086 บริเวณ สยาม 
LOG (lattice-best-path[5.5.0~1531-d619]:main():lattice-best-path.cc:99) For utterance 6030352521_0088, best cost 25.2086 + 1135.91 = 1161.12 over 221 frames.
6030352521_0088 แถว แถว ข้าวสาร 
LOG (lattice-best-path[5.5.0~1531-d619]:main():lattice-best-path.cc:99) For utterance 6030352521_0090, best cost 19.1203 + 1041.73 = 1060.85 over 206 frames.
6030352521_0090 แถว คลองตัน 
LOG (lattice-best-path[5.5.0~1531-d619]:main():lattice-best-path.cc:99) For utterance 6030352521_0092, best cost 23.9403 + 1221.57 = 1245.51 over 231 frames.
6030352521_0092 ใน ตลาดนัด จตุจักร 
LOG (lattice-best-path[5.5.0~1531-d619]:main():lattice-best-path.cc:99) For utterance 6030352521_0094, best cost 17.9701 + 1141.36 = 1159.33 over 233 frames.
6030352521_0094 เลือก สถานที่ 
LOG (lattice-best-path[5.5.0~1531-d619]:main():lattice-best-path.cc:99) For utterance 6031323521_0096, best cost 16.1171 + 1026.75 = 1042.87 over 172 frames.
6031323521_0096 ดู รีวิว 
LOG (lattice-best-path[5.5.0~1531-d619]:main():lattice-best-path.cc:99) For utterance 6031323521_0098, best cost 23.0362 + 1138.77 = 1161.81 over 191 frames.
6031323521_0098 ดู รีวิว ถัด ไป 
LOG (lattice-best-path[5.5.0~1531-d619]:main():lattice-best-path.cc:99) For utterance 6031323521_0100, best cost 15.8458 + 898.324 = 914.17 over 159 frames.
6031323521_0100 นำทาง 
LOG (lattice-best-path[5.5.0~1531-d619]:main():lattice-best-path.cc:99) For utterance 6031323521_0102, best cost 26.3749 + 975.471 = 1001.85 over 159 frames.
6031323521_0102 ร้านอาหาร ร้าน 
LOG (lattice-best-path[5.5.0~1531-d619]:main():lattice-best-path.cc:99) For utterance 6031323521_0104, best cost 24.1224 + 838.654 = 862.776 over 148 frames.
6031323521_0104 ดู เบอร์ เก้า 
LOG (lattice-best-path[5.5.0~1531-d619]:main():lattice-best-path.cc:99) For utterance 6031323521_0106, best cost 25.8703 + 833.519 = 859.389 over 132 frames.
6031323521_0106 ดู เบอร์ โทรศัพท์ ร้าน 
LOG (lattice-best-path[5.5.0~1531-d619]:main():lattice-best-path.cc:99) For utterance 6031323521_0108, best cost 20.887 + 704.168 = 725.055 over 121 frames.
6031323521_0108 โทรศัพท์ หา ร้าน 
LOG (lattice-best-path[5.5.0~1531-d619]:main():lattice-best-path.cc:99) For utterance 6031323521_0110, best cost 19.8936 + 991.668 = 1011.56 over 169 frames.
6031323521_0110 ดู รูป ถัด ไป 
LOG (lattice-best-path[5.5.0~1531-d619]:main():lattice-best-path.cc:99) For utterance 6031323521_0112, best cost 21.7763 + 1019.13 = 1040.91 over 181 frames.
6031323521_0112 ดู รูป ก่อน หน้า 
LOG (lattice-best-path[5.5.0~1531-d619]:main():lattice-best-path.cc:99) For utterance 6031323521_0114, best cost 22.0916 + 941.039 = 963.131 over 154 frames.
6031323521_0114 มี ที่จอดรถ ไหม 
LOG (lattice-best-path[5.5.0~1531-d619]:main():lattice-best-path.cc:99) For utterance 6031323521_0116, best cost 22.1789 + 1028.94 = 1051.11 over 167 frames.
6031323521_0116 รับ บัตรเครดิต ไหม 
LOG (lattice-best-path[5.5.0~1531-d619]:main():lattice-best-path.cc:99) For utterance 6031323521_0118, best cost 19.3964 + 987.391 = 1006.79 over 178 frames.
6031323521_0118 มี เบียร์ ไหม 
LOG (lattice-best-path[5.5.0~1531-d619]:main():lattice-best-path.cc:99) For utterance 6031323521_0120, best cost 28.5211 + 951.474 = 979.996 over 160 frames.
6031323521_0120 เกาหลี เปิด ไหม 
LOG (lattice-best-path[5.5.0~1531-d619]:main():lattice-best-path.cc:124) Overall cost per frame is 5.71505 = 0.110351 [graph] + 5.60469 [acoustic] over 13531 frames.
LOG (lattice-best-path[5.5.0~1531-d619]:main():lattice-best-path.cc:128) Done 59 lattices, failed for 0
# Accounting: time=0 threads=1
# Ended (code 0) at Sun May  2 10:02:36 UTC 2021, elapsed time 0 seconds
