# lattice-scale --inv-acoustic-scale=10 "ark:gunzip -c exp/tri2/decode/lat.*.gz|" ark:- | lattice-add-penalty --word-ins-penalty=0.5 ark:- ark:- | lattice-best-path --word-symbol-table=exp/tri2/graph/words.txt ark:- ark,t:- | utils/int2sym.pl -f 2- exp/tri2/graph/words.txt | cat > exp/tri2/decode/scoring_kaldi/penalty_0.5/10.txt 
# Started at Sun May  2 10:02:36 UTC 2021
#
lattice-best-path --word-symbol-table=exp/tri2/graph/words.txt ark:- ark,t:- 
lattice-add-penalty --word-ins-penalty=0.5 ark:- ark:- 
lattice-scale --inv-acoustic-scale=10 'ark:gunzip -c exp/tri2/decode/lat.*.gz|' ark:- 
LOG (lattice-best-path[5.5.0~1531-d619]:main():lattice-best-path.cc:99) For utterance 6030133421_0004, best cost 26.5281 + 2763.86 = 2790.38 over 303 frames.
6030133421_0004 ไป หน้า ถัดไป 
LOG (lattice-best-path[5.5.0~1531-d619]:main():lattice-best-path.cc:99) For utterance 6030133421_0006, best cost 28.1551 + 2234.48 = 2262.63 over 237 frames.
6030133421_0006 ไป หน้า ก่อน หน้า 
LOG (lattice-best-path[5.5.0~1531-d619]:main():lattice-best-path.cc:99) For utterance 6030133421_0008, best cost 20.3588 + 1911.67 = 1932.03 over 208 frames.
6030133421_0008 ไป หน้า แรก 
LOG (lattice-best-path[5.5.0~1531-d619]:main():lattice-best-path.cc:99) For utterance 6030133421_0010, best cost 30.5096 + 2168.78 = 2199.29 over 225 frames.
6030133421_0010 เหล้า ไป หน้า แรก 
LOG (lattice-best-path[5.5.0~1531-d619]:main():lattice-best-path.cc:99) For utterance 6030133421_0012, best cost 23.6741 + 2208.33 = 2232 over 223 frames.
6030133421_0012 ไป หน้า สุดท้าย 
LOG (lattice-best-path[5.5.0~1531-d619]:main():lattice-best-path.cc:99) For utterance 6030133421_0014, best cost 32.0267 + 2975.42 = 3007.45 over 313 frames.
6030133421_0014 เปลี่ยน หน้า ไป หน้า ที่ หนึ่ง 
LOG (lattice-best-path[5.5.0~1531-d619]:main():lattice-best-path.cc:99) For utterance 6030133421_0016, best cost 31.5726 + 2554.13 = 2585.7 over 263 frames.
6030133421_0016 เปลี่ยน หน้า ไป หน้า ที่ สาม 
LOG (lattice-best-path[5.5.0~1531-d619]:main():lattice-best-path.cc:99) For utterance 6030133421_0018, best cost 30.1147 + 3146.02 = 3176.14 over 342 frames.
6030133421_0018 เปลี่ยน หน้า ไป หน้า ที่ เก้า 
LOG (lattice-best-path[5.5.0~1531-d619]:main():lattice-best-path.cc:99) For utterance 6030133421_0020, best cost 38.3057 + 2990.88 = 3029.18 over 306 frames.
6030133421_0020 เปลี่ยน หน้า ไป หน้า ที่ สิบ เสต๊ก 
LOG (lattice-best-path[5.5.0~1531-d619]:main():lattice-best-path.cc:99) For utterance 6030133421_0022, best cost 32.1166 + 2752.35 = 2784.46 over 282 frames.
6030133421_0022 เปลี่ยน หน้า ไป หน้า ที่ แปด 
LOG (lattice-best-path[5.5.0~1531-d619]:main():lattice-best-path.cc:99) For utterance 6030133421_0024, best cost 34.4893 + 3074.69 = 3109.18 over 312 frames.
6030133421_0024 เปลี่ยน หน้า ไป หน้า ที่ ยี่ สิบ 
LOG (lattice-best-path[5.5.0~1531-d619]:main():lattice-best-path.cc:99) For utterance 6030133421_0026, best cost 41.0762 + 3699.86 = 3740.94 over 384 frames.
6030133421_0026 ย้อน ร้าน ลำดับ ที่ สี่ 
LOG (lattice-best-path[5.5.0~1531-d619]:main():lattice-best-path.cc:99) For utterance 6030133421_0028, best cost 29.7959 + 2679.3 = 2709.09 over 275 frames.
6030133421_0028 เลือก ร้าน ที่ สิบ เก้า 
LOG (lattice-best-path[5.5.0~1531-d619]:main():lattice-best-path.cc:99) For utterance 6030133421_0030, best cost 32.4103 + 2903.44 = 2935.85 over 272 frames.
6030133421_0030 เลือก ร้าน ลำดับ ที่ ยี่ สิบ 
LOG (lattice-best-path[5.5.0~1531-d619]:main():lattice-best-path.cc:99) For utterance 6030133421_0032, best cost 31.0931 + 2404.36 = 2435.45 over 244 frames.
6030133421_0032 เลือก ร้าน ที่ สิบ ไป 
LOG (lattice-best-path[5.5.0~1531-d619]:main():lattice-best-path.cc:99) For utterance 6030133421_0034, best cost 30.2586 + 2398.87 = 2429.13 over 233 frames.
6030133421_0034 เลือก ร้าน ลำดับ สิบ สอง 
LOG (lattice-best-path[5.5.0~1531-d619]:main():lattice-best-path.cc:99) For utterance 6030133421_0036, best cost 28.0367 + 2751.21 = 2779.24 over 277 frames.
6030133421_0036 เลือก ร้าน ที่ สิบ เอ็ด 
LOG (lattice-best-path[5.5.0~1531-d619]:main():lattice-best-path.cc:99) For utterance 6030133421_0038, best cost 25.0448 + 2048.39 = 2073.43 over 208 frames.
6030133421_0038 เลือก รายการ แปด 
LOG (lattice-best-path[5.5.0~1531-d619]:main():lattice-best-path.cc:99) For utterance 6030133421_0040, best cost 30.4661 + 2832.09 = 2862.56 over 284 frames.
6030133421_0040 เลือก ลำดับ ที่ สิบ สาม 
LOG (lattice-best-path[5.5.0~1531-d619]:main():lattice-best-path.cc:99) For utterance 6030133421_0042, best cost 27.6248 + 2564.76 = 2592.38 over 267 frames.
6030133421_0042 เลือก รายการ ที่ เก้า 
LOG (lattice-best-path[5.5.0~1531-d619]:main():lattice-best-path.cc:99) For utterance 6030133421_0044, best cost 25.5933 + 2076.83 = 2102.42 over 207 frames.
6030133421_0044 เลือก รายการ สิบ 
LOG (lattice-best-path[5.5.0~1531-d619]:main():lattice-best-path.cc:99) For utterance 6030352521_0046, best cost 31.367 + 1668.63 = 1700 over 203 frames.
6030352521_0046 ประเภท ที่ ที่ หนึ่ง 
LOG (lattice-best-path[5.5.0~1531-d619]:main():lattice-best-path.cc:99) For utterance 6030352521_0048, best cost 23.1795 + 1689.58 = 1712.76 over 210 frames.
6030352521_0048 ประเภท คลองสาร 
LOG (lattice-best-path[5.5.0~1531-d619]:main():lattice-best-path.cc:99) For utterance 6030352521_0050, best cost 21.0128 + 2151.45 = 2172.46 over 275 frames.
6030352521_0050 ประเภท สี่ 
LOG (lattice-best-path[5.5.0~1531-d619]:main():lattice-best-path.cc:99) For utterance 6030352521_0052, best cost 24.6313 + 1760.1 = 1784.74 over 215 frames.
6030352521_0052 ประเภท บัตรเครดิต 
LOG (lattice-best-path[5.5.0~1531-d619]:main():lattice-best-path.cc:99) For utterance 6030352521_0054, best cost 23.4472 + 1985.01 = 2008.46 over 248 frames.
6030352521_0054 ประเภท อาหาร เกาหลี 
LOG (lattice-scale[5.5.0~1531-d619]:main():lattice-scale.cc:107) Done 59 lattices.
LOG (lattice-best-path[5.5.0~1531-d619]:main():lattice-best-path.cc:99) For utterance 6030352521_0056, best cost 29.1229 + 1861.46 = 1890.58 over 228 frames.
6030352521_0056 ประเภท อาหาร ที่ สาม 
LOG (lattice-best-path[5.5.0~1531-d619]:main():lattice-best-path.cc:99) For utterance 6030352521_0058, best cost 22.2975 + 1633.73 = 1656.03 over 210 frames.
6030352521_0058 ร้าน ติ่มซำ 
LOG (lattice-best-path[5.5.0~1531-d619]:main():lattice-best-path.cc:99) For utterance 6030352521_0060, best cost 21.5119 + 1613.85 = 1635.36 over 200 frames.
6030352521_0060 ร้าน อาหาร ทะเล 
LOG (lattice-best-path[5.5.0~1531-d619]:main():lattice-best-path.cc:99) For utterance 6030352521_0062, best cost 31.4115 + 2111.25 = 2142.67 over 266 frames.
6030352521_0062 หา ร้าน ที่ ที่ เก้า 
LOG (lattice-best-path[5.5.0~1531-d619]:main():lattice-best-path.cc:99) For utterance 6030352521_0064, best cost 25.3144 + 1791.6 = 1816.92 over 233 frames.
6030352521_0064 หา ร้าน ที่ หนึ่ง 
LOG (lattice-best-path[5.5.0~1531-d619]:main():lattice-best-path.cc:99) For utterance 6030352521_0066, best cost 35.7646 + 1961.71 = 1997.48 over 248 frames.
6030352521_0066 หา ร้าน รูป ถัด ห้า 
LOG (lattice-best-path[5.5.0~1531-d619]:main():lattice-best-path.cc:99) For utterance 6030352521_0068, best cost 18.8457 + 1909.11 = 1927.95 over 251 frames.
6030352521_0068 เลือก ประเภท 
LOG (lattice-best-path[5.5.0~1531-d619]:main():lattice-best-path.cc:99) For utterance 6030352521_0070, best cost 31.0315 + 2495.79 = 2526.82 over 306 frames.
6030352521_0070 แสดง ประเภท ร้าน อาหาร 
LOG (lattice-best-path[5.5.0~1531-d619]:main():lattice-best-path.cc:99) For utterance 6030352521_0072, best cost 15.6838 + 1588.23 = 1603.92 over 201 frames.
6030352521_0072 ยกเลิก 
LOG (lattice-best-path[5.5.0~1531-d619]:main():lattice-best-path.cc:99) For utterance 6030352521_0074, best cost 23.1896 + 1977.03 = 2000.22 over 239 frames.
6030352521_0074 ช่วง ราคา ถูก มาก 
LOG (lattice-best-path[5.5.0~1531-d619]:main():lattice-best-path.cc:99) For utterance 6030352521_0076, best cost 20.5159 + 1998.79 = 2019.31 over 257 frames.
6030352521_0076 ราคา ปานกลาง 
LOG (lattice-best-path[5.5.0~1531-d619]:main():lattice-best-path.cc:99) For utterance 6030352521_0078, best cost 18.2128 + 1966.66 = 1984.88 over 248 frames.
6030352521_0078 ราคา ถูก 
LOG (lattice-best-path[5.5.0~1531-d619]:main():lattice-best-path.cc:99) For utterance 6030352521_0080, best cost 19.577 + 1688.6 = 1708.17 over 212 frames.
6030352521_0080 ราคา ถูก มาก 
LOG (lattice-best-path[5.5.0~1531-d619]:main():lattice-best-path.cc:99) For utterance 6030352521_0082, best cost 37.4042 + 1786.3 = 1823.7 over 212 frames.
6030352521_0082 อย่าง ต่ำ สาม อย่าง 
LOG (lattice-best-path[5.5.0~1531-d619]:main():lattice-best-path.cc:99) For utterance 6030352521_0084, best cost 33.8524 + 1579.73 = 1613.58 over 194 frames.
6030352521_0084 ใน เลือก อย่าง 
LOG (lattice-add-penalty[5.5.0~1531-d619]:main():lattice-add-penalty.cc:62) Done adding word insertion penalty to 59 lattices.
LOG (lattice-best-path[5.5.0~1531-d619]:main():lattice-best-path.cc:99) For utterance 6030352521_0086, best cost 20.619 + 1938.39 = 1959.01 over 228 frames.
6030352521_0086 บริเวณ สยาม 
LOG (lattice-best-path[5.5.0~1531-d619]:main():lattice-best-path.cc:99) For utterance 6030352521_0088, best cost 25.2086 + 1817.45 = 1842.66 over 221 frames.
6030352521_0088 แถว แถว ข้าวสาร 
LOG (lattice-best-path[5.5.0~1531-d619]:main():lattice-best-path.cc:99) For utterance 6030352521_0090, best cost 19.1203 + 1666.76 = 1685.88 over 206 frames.
6030352521_0090 แถว คลองตัน 
LOG (lattice-best-path[5.5.0~1531-d619]:main():lattice-best-path.cc:99) For utterance 6030352521_0092, best cost 23.9403 + 1954.51 = 1978.46 over 231 frames.
6030352521_0092 ใน ตลาดนัด จตุจักร 
LOG (lattice-best-path[5.5.0~1531-d619]:main():lattice-best-path.cc:99) For utterance 6030352521_0094, best cost 17.9701 + 1826.17 = 1844.14 over 233 frames.
6030352521_0094 เลือก สถานที่ 
LOG (lattice-best-path[5.5.0~1531-d619]:main():lattice-best-path.cc:99) For utterance 6031323521_0096, best cost 22.9352 + 1632.27 = 1655.21 over 172 frames.
6031323521_0096 ดู รีวิว ถัด 
LOG (lattice-best-path[5.5.0~1531-d619]:main():lattice-best-path.cc:99) For utterance 6031323521_0098, best cost 23.0362 + 1822.03 = 1845.07 over 191 frames.
6031323521_0098 ดู รีวิว ถัด ไป 
LOG (lattice-best-path[5.5.0~1531-d619]:main():lattice-best-path.cc:99) For utterance 6031323521_0100, best cost 15.8458 + 1437.32 = 1453.16 over 159 frames.
6031323521_0100 นำทาง 
LOG (lattice-best-path[5.5.0~1531-d619]:main():lattice-best-path.cc:99) For utterance 6031323521_0102, best cost 31.0289 + 1553.63 = 1584.66 over 159 frames.
6031323521_0102 นำทาง ไป ที่ ร้าน 
LOG (lattice-best-path[5.5.0~1531-d619]:main():lattice-best-path.cc:99) For utterance 6031323521_0104, best cost 24.1224 + 1341.85 = 1365.97 over 148 frames.
6031323521_0104 ดู เบอร์ เก้า 
LOG (lattice-best-path[5.5.0~1531-d619]:main():lattice-best-path.cc:99) For utterance 6031323521_0106, best cost 25.8703 + 1333.63 = 1359.5 over 132 frames.
6031323521_0106 ดู เบอร์ โทรศัพท์ ร้าน 
LOG (lattice-best-path[5.5.0~1531-d619]:main():lattice-best-path.cc:99) For utterance 6031323521_0108, best cost 20.887 + 1126.67 = 1147.56 over 121 frames.
6031323521_0108 โทรศัพท์ หา ร้าน 
LOG (lattice-best-path[5.5.0~1531-d619]:main():lattice-best-path.cc:99) For utterance 6031323521_0110, best cost 19.8936 + 1586.67 = 1606.56 over 169 frames.
6031323521_0110 ดู รูป ถัด ไป 
LOG (lattice-best-path[5.5.0~1531-d619]:main():lattice-best-path.cc:99) For utterance 6031323521_0112, best cost 21.7763 + 1630.61 = 1652.39 over 181 frames.
6031323521_0112 ดู รูป ก่อน หน้า 
LOG (lattice-best-path[5.5.0~1531-d619]:main():lattice-best-path.cc:99) For utterance 6031323521_0114, best cost 34.9928 + 1488.62 = 1523.61 over 154 frames.
6031323521_0114 มี ที่ ดาว ไหม 
LOG (lattice-best-path[5.5.0~1531-d619]:main():lattice-best-path.cc:99) For utterance 6031323521_0116, best cost 31.2917 + 1635.52 = 1666.81 over 167 frames.
6031323521_0116 ลำดับ ที่ ยี่ ไหม 
LOG (lattice-best-path[5.5.0~1531-d619]:main():lattice-best-path.cc:99) For utterance 6031323521_0118, best cost 19.3964 + 1579.83 = 1599.22 over 178 frames.
6031323521_0118 มี เบียร์ ไหม 
LOG (lattice-best-path[5.5.0~1531-d619]:main():lattice-best-path.cc:99) For utterance 6031323521_0120, best cost 28.5211 + 1522.36 = 1550.88 over 160 frames.
6031323521_0120 เกาหลี เปิด ไหม 
LOG (lattice-best-path[5.5.0~1531-d619]:main():lattice-best-path.cc:124) Overall cost per frame is 9.07662 = 0.115518 [graph] + 8.9611 [acoustic] over 13531 frames.
LOG (lattice-best-path[5.5.0~1531-d619]:main():lattice-best-path.cc:128) Done 59 lattices, failed for 0
# Accounting: time=0 threads=1
# Ended (code 0) at Sun May  2 10:02:36 UTC 2021, elapsed time 0 seconds
