# build-tree --verbose=1 --max-leaves=2000 --cluster-thresh=-1 exp/tri2/treeacc data/lang/phones/roots.int exp/tri2/questions.qst data/lang/topo exp/tri2/tree 
# Started at Sun May  2 10:01:45 UTC 2021
#
build-tree --verbose=1 --max-leaves=2000 --cluster-thresh=-1 exp/tri2/treeacc data/lang/phones/roots.int exp/tri2/questions.qst data/lang/topo exp/tri2/tree 
LOG (build-tree[5.5.0~1531-d619]:main():build-tree.cc:104) Number of separate statistics is 1784
LOG (build-tree[5.5.0~1531-d619]:BuildTree():build-tree.cc:161) BuildTree: before building trees, map has 56 leaves.
LOG (build-tree[5.5.0~1531-d619]:SplitDecisionTree():build-tree-utils.cc:577) DoDecisionTreeSplit: split 203 times, #leaves now 259
LOG (build-tree[5.5.0~1531-d619]:BuildTree():build-tree.cc:187) Setting clustering threshold to smallest split 300.064
VLOG[1] (build-tree[5.5.0~1531-d619]:BuildTree():build-tree.cc:196) After decision tree split, num-leaves = 259, like-impr = 5.43145 per frame over 66263 frames.
VLOG[1] (build-tree[5.5.0~1531-d619]:BuildTree():build-tree.cc:200) Including just phones that were split, improvement is 5.43145 per frame over 66263 frames.
LOG (build-tree[5.5.0~1531-d619]:BuildTree():build-tree.cc:215) BuildTree: removed 27 leaves.
VLOG[1] (build-tree[5.5.0~1531-d619]:ClusterEventMapToNClustersRestrictedByMap():build-tree-utils.cc:914) Number of non-empty clusters in map = 55
VLOG[1] (build-tree[5.5.0~1531-d619]:ClusterEventMapToNClustersRestrictedByMap():build-tree-utils.cc:915) Number of non-empty clusters = 231
VLOG[1] (build-tree[5.5.0~1531-d619]:BuildTree():build-tree.cc:256) Objf change due to clustering -0.0688544 per frame.
VLOG[1] (build-tree[5.5.0~1531-d619]:BuildTree():build-tree.cc:259) Normalizing over only split phones, this is: -0.0688544 per frame.
VLOG[1] (build-tree[5.5.0~1531-d619]:BuildTree():build-tree.cc:262) Num-leaves is now 232
VLOG[1] (build-tree[5.5.0~1531-d619]:main():build-tree.cc:143) For pdf-id 1, low count 0
VLOG[1] (build-tree[5.5.0~1531-d619]:main():build-tree.cc:143) For pdf-id 2, low count 75
VLOG[1] (build-tree[5.5.0~1531-d619]:main():build-tree.cc:143) For pdf-id 5, low count 71
VLOG[1] (build-tree[5.5.0~1531-d619]:main():build-tree.cc:143) For pdf-id 11, low count 58
VLOG[1] (build-tree[5.5.0~1531-d619]:main():build-tree.cc:143) For pdf-id 13, low count 90
VLOG[1] (build-tree[5.5.0~1531-d619]:main():build-tree.cc:143) For pdf-id 15, low count 97
VLOG[1] (build-tree[5.5.0~1531-d619]:main():build-tree.cc:143) For pdf-id 21, low count 42
VLOG[1] (build-tree[5.5.0~1531-d619]:main():build-tree.cc:143) For pdf-id 22, low count 17
VLOG[1] (build-tree[5.5.0~1531-d619]:main():build-tree.cc:143) For pdf-id 24, low count 80
VLOG[1] (build-tree[5.5.0~1531-d619]:main():build-tree.cc:143) For pdf-id 25, low count 86
VLOG[1] (build-tree[5.5.0~1531-d619]:main():build-tree.cc:143) For pdf-id 26, low count 36
VLOG[1] (build-tree[5.5.0~1531-d619]:main():build-tree.cc:143) For pdf-id 27, low count 72
VLOG[1] (build-tree[5.5.0~1531-d619]:main():build-tree.cc:143) For pdf-id 30, low count 51
VLOG[1] (build-tree[5.5.0~1531-d619]:main():build-tree.cc:143) For pdf-id 31, low count 30
VLOG[1] (build-tree[5.5.0~1531-d619]:main():build-tree.cc:143) For pdf-id 32, low count 52
VLOG[1] (build-tree[5.5.0~1531-d619]:main():build-tree.cc:143) For pdf-id 34, low count 78
VLOG[1] (build-tree[5.5.0~1531-d619]:main():build-tree.cc:143) For pdf-id 35, low count 69
VLOG[1] (build-tree[5.5.0~1531-d619]:main():build-tree.cc:143) For pdf-id 36, low count 67
VLOG[1] (build-tree[5.5.0~1531-d619]:main():build-tree.cc:143) For pdf-id 39, low count 67
VLOG[1] (build-tree[5.5.0~1531-d619]:main():build-tree.cc:143) For pdf-id 40, low count 61
VLOG[1] (build-tree[5.5.0~1531-d619]:main():build-tree.cc:143) For pdf-id 41, low count 75
VLOG[1] (build-tree[5.5.0~1531-d619]:main():build-tree.cc:143) For pdf-id 42, low count 93
VLOG[1] (build-tree[5.5.0~1531-d619]:main():build-tree.cc:143) For pdf-id 43, low count 45
VLOG[1] (build-tree[5.5.0~1531-d619]:main():build-tree.cc:143) For pdf-id 46, low count 14
VLOG[1] (build-tree[5.5.0~1531-d619]:main():build-tree.cc:143) For pdf-id 50, low count 38
VLOG[1] (build-tree[5.5.0~1531-d619]:main():build-tree.cc:143) For pdf-id 54, low count 41
VLOG[1] (build-tree[5.5.0~1531-d619]:main():build-tree.cc:143) For pdf-id 68, low count 68
VLOG[1] (build-tree[5.5.0~1531-d619]:main():build-tree.cc:143) For pdf-id 70, low count 90
VLOG[1] (build-tree[5.5.0~1531-d619]:main():build-tree.cc:143) For pdf-id 79, low count 62
VLOG[1] (build-tree[5.5.0~1531-d619]:main():build-tree.cc:143) For pdf-id 85, low count 51
VLOG[1] (build-tree[5.5.0~1531-d619]:main():build-tree.cc:143) For pdf-id 100, low count 79
VLOG[1] (build-tree[5.5.0~1531-d619]:main():build-tree.cc:143) For pdf-id 101, low count 58
VLOG[1] (build-tree[5.5.0~1531-d619]:main():build-tree.cc:143) For pdf-id 102, low count 80
VLOG[1] (build-tree[5.5.0~1531-d619]:main():build-tree.cc:143) For pdf-id 103, low count 95
VLOG[1] (build-tree[5.5.0~1531-d619]:main():build-tree.cc:143) For pdf-id 104, low count 40
VLOG[1] (build-tree[5.5.0~1531-d619]:main():build-tree.cc:143) For pdf-id 107, low count 53
VLOG[1] (build-tree[5.5.0~1531-d619]:main():build-tree.cc:143) For pdf-id 112, low count 98
VLOG[1] (build-tree[5.5.0~1531-d619]:main():build-tree.cc:143) For pdf-id 113, low count 58
VLOG[1] (build-tree[5.5.0~1531-d619]:main():build-tree.cc:143) For pdf-id 115, low count 49
VLOG[1] (build-tree[5.5.0~1531-d619]:main():build-tree.cc:143) For pdf-id 116, low count 91
VLOG[1] (build-tree[5.5.0~1531-d619]:main():build-tree.cc:143) For pdf-id 118, low count 26
VLOG[1] (build-tree[5.5.0~1531-d619]:main():build-tree.cc:143) For pdf-id 119, low count 63
VLOG[1] (build-tree[5.5.0~1531-d619]:main():build-tree.cc:143) For pdf-id 122, low count 68
VLOG[1] (build-tree[5.5.0~1531-d619]:main():build-tree.cc:143) For pdf-id 123, low count 63
VLOG[1] (build-tree[5.5.0~1531-d619]:main():build-tree.cc:143) For pdf-id 124, low count 85
VLOG[1] (build-tree[5.5.0~1531-d619]:main():build-tree.cc:143) For pdf-id 128, low count 32
VLOG[1] (build-tree[5.5.0~1531-d619]:main():build-tree.cc:143) For pdf-id 134, low count 95
VLOG[1] (build-tree[5.5.0~1531-d619]:main():build-tree.cc:143) For pdf-id 135, low count 78
VLOG[1] (build-tree[5.5.0~1531-d619]:main():build-tree.cc:143) For pdf-id 136, low count 46
VLOG[1] (build-tree[5.5.0~1531-d619]:main():build-tree.cc:143) For pdf-id 137, low count 94
VLOG[1] (build-tree[5.5.0~1531-d619]:main():build-tree.cc:143) For pdf-id 139, low count 60
VLOG[1] (build-tree[5.5.0~1531-d619]:main():build-tree.cc:143) For pdf-id 155, low count 75
VLOG[1] (build-tree[5.5.0~1531-d619]:main():build-tree.cc:143) For pdf-id 156, low count 49
VLOG[1] (build-tree[5.5.0~1531-d619]:main():build-tree.cc:143) For pdf-id 161, low count 46
VLOG[1] (build-tree[5.5.0~1531-d619]:main():build-tree.cc:143) For pdf-id 165, low count 58
VLOG[1] (build-tree[5.5.0~1531-d619]:main():build-tree.cc:143) For pdf-id 168, low count 64
VLOG[1] (build-tree[5.5.0~1531-d619]:main():build-tree.cc:143) For pdf-id 170, low count 26
VLOG[1] (build-tree[5.5.0~1531-d619]:main():build-tree.cc:143) For pdf-id 171, low count 66
VLOG[1] (build-tree[5.5.0~1531-d619]:main():build-tree.cc:143) For pdf-id 172, low count 72
VLOG[1] (build-tree[5.5.0~1531-d619]:main():build-tree.cc:143) For pdf-id 177, low count 79
VLOG[1] (build-tree[5.5.0~1531-d619]:main():build-tree.cc:143) For pdf-id 178, low count 78
VLOG[1] (build-tree[5.5.0~1531-d619]:main():build-tree.cc:143) For pdf-id 180, low count 80
VLOG[1] (build-tree[5.5.0~1531-d619]:main():build-tree.cc:143) For pdf-id 184, low count 81
VLOG[1] (build-tree[5.5.0~1531-d619]:main():build-tree.cc:143) For pdf-id 189, low count 97
VLOG[1] (build-tree[5.5.0~1531-d619]:main():build-tree.cc:143) For pdf-id 193, low count 57
VLOG[1] (build-tree[5.5.0~1531-d619]:main():build-tree.cc:143) For pdf-id 194, low count 37
VLOG[1] (build-tree[5.5.0~1531-d619]:main():build-tree.cc:143) For pdf-id 196, low count 88
VLOG[1] (build-tree[5.5.0~1531-d619]:main():build-tree.cc:143) For pdf-id 197, low count 80
VLOG[1] (build-tree[5.5.0~1531-d619]:main():build-tree.cc:143) For pdf-id 200, low count 94
VLOG[1] (build-tree[5.5.0~1531-d619]:main():build-tree.cc:143) For pdf-id 202, low count 76
VLOG[1] (build-tree[5.5.0~1531-d619]:main():build-tree.cc:143) For pdf-id 203, low count 85
VLOG[1] (build-tree[5.5.0~1531-d619]:main():build-tree.cc:143) For pdf-id 205, low count 71
VLOG[1] (build-tree[5.5.0~1531-d619]:main():build-tree.cc:143) For pdf-id 208, low count 87
VLOG[1] (build-tree[5.5.0~1531-d619]:main():build-tree.cc:143) For pdf-id 209, low count 96
VLOG[1] (build-tree[5.5.0~1531-d619]:main():build-tree.cc:143) For pdf-id 210, low count 23
VLOG[1] (build-tree[5.5.0~1531-d619]:main():build-tree.cc:143) For pdf-id 212, low count 53
VLOG[1] (build-tree[5.5.0~1531-d619]:main():build-tree.cc:143) For pdf-id 217, low count 51
VLOG[1] (build-tree[5.5.0~1531-d619]:main():build-tree.cc:143) For pdf-id 220, low count 61
VLOG[1] (build-tree[5.5.0~1531-d619]:main():build-tree.cc:143) For pdf-id 221, low count 81
VLOG[1] (build-tree[5.5.0~1531-d619]:main():build-tree.cc:143) For pdf-id 222, low count 77
VLOG[1] (build-tree[5.5.0~1531-d619]:main():build-tree.cc:143) For pdf-id 224, low count 85
VLOG[1] (build-tree[5.5.0~1531-d619]:main():build-tree.cc:143) For pdf-id 227, low count 88
VLOG[1] (build-tree[5.5.0~1531-d619]:main():build-tree.cc:143) For pdf-id 229, low count 18
VLOG[1] (build-tree[5.5.0~1531-d619]:main():build-tree.cc:143) For pdf-id 230, low count 95
WARNING (build-tree[5.5.0~1531-d619]:main():build-tree.cc:185) Saw no stats for following phones: 2 3 4 5 6 7 8 9 10 11 12 14 15 18 19 22 24 26 28 30 32 34 36 38 39 40 42 43 46 47 50 52 54 55 58 59 62 63 66 68 70 71 74 76 78 79 82 84 86 88 89 90 91 92 94 96 98 99 100 102 104 106 107 108 110 112 114 115 118 120 122 123 126 128 129 130 131 134 135 136 138 139 140 142 144 146 147 149 150 152 154 156 157 158 160 161 162 163 166 168 170 174 176 178 179 182 184 186 187 188 190 191 192 194 195 198 199 200 202 203 204 206 207 208 210 212 214 215 218 219 222 224 226 
LOG (build-tree[5.5.0~1531-d619]:main():build-tree.cc:189) Wrote tree
# Accounting: time=1 threads=1
# Ended (code 0) at Sun May  2 10:01:46 UTC 2021, elapsed time 1 seconds
