# gmm-init-model --write-occs=exp/tri2/1.occs exp/tri2/tree exp/tri2/treeacc data/lang/topo exp/tri2/1.mdl 
# Started at Sun May  2 10:01:46 UTC 2021
#
gmm-init-model --write-occs=exp/tri2/1.occs exp/tri2/tree exp/tri2/treeacc data/lang/topo exp/tri2/1.mdl 
LOG (gmm-init-model[5.5.0~1531-d619]:main():gmm-init-model.cc:271) Number of separate statistics is 1784
WARNING (gmm-init-model[5.5.0~1531-d619]:InitAmGmm():gmm-init-model.cc:55) Tree has pdf-id 1 with no stats; corresponding phone list: 6 7 8 9 10 
WARNING (gmm-init-model[5.5.0~1531-d619]:InitAmGmm():gmm-init-model.cc:83) Very small count for state 2: 75; corresponding phone list: 11 12 13 14 
WARNING (gmm-init-model[5.5.0~1531-d619]:InitAmGmm():gmm-init-model.cc:83) Very small count for state 5: 71; corresponding phone list: 23 24 25 26 
WARNING (gmm-init-model[5.5.0~1531-d619]:InitAmGmm():gmm-init-model.cc:83) Very small count for state 11: 58; corresponding phone list: 47 48 49 50 
WARNING (gmm-init-model[5.5.0~1531-d619]:InitAmGmm():gmm-init-model.cc:83) Very small count for state 13: 90; corresponding phone list: 55 56 57 58 
WARNING (gmm-init-model[5.5.0~1531-d619]:InitAmGmm():gmm-init-model.cc:83) Very small count for state 15: 97; corresponding phone list: 63 64 65 66 
WARNING (gmm-init-model[5.5.0~1531-d619]:InitAmGmm():gmm-init-model.cc:83) Very small count for state 21: 42; corresponding phone list: 87 88 89 90 
WARNING (gmm-init-model[5.5.0~1531-d619]:InitAmGmm():gmm-init-model.cc:83) Very small count for state 22: 17; corresponding phone list: 91 92 93 94 
WARNING (gmm-init-model[5.5.0~1531-d619]:InitAmGmm():gmm-init-model.cc:83) Very small count for state 24: 80; corresponding phone list: 99 100 101 102 
WARNING (gmm-init-model[5.5.0~1531-d619]:InitAmGmm():gmm-init-model.cc:83) Very small count for state 25: 86; corresponding phone list: 103 104 105 106 
WARNING (gmm-init-model[5.5.0~1531-d619]:InitAmGmm():gmm-init-model.cc:83) Very small count for state 26: 36; corresponding phone list: 107 108 109 110 
WARNING (gmm-init-model[5.5.0~1531-d619]:InitAmGmm():gmm-init-model.cc:83) Very small count for state 27: 72; corresponding phone list: 111 112 113 114 
WARNING (gmm-init-model[5.5.0~1531-d619]:InitAmGmm():gmm-init-model.cc:83) Very small count for state 30: 51; corresponding phone list: 123 124 125 126 
WARNING (gmm-init-model[5.5.0~1531-d619]:InitAmGmm():gmm-init-model.cc:83) Very small count for state 31: 30; corresponding phone list: 127 128 129 130 
WARNING (gmm-init-model[5.5.0~1531-d619]:InitAmGmm():gmm-init-model.cc:83) Very small count for state 32: 52; corresponding phone list: 131 132 133 134 
WARNING (gmm-init-model[5.5.0~1531-d619]:InitAmGmm():gmm-init-model.cc:83) Very small count for state 34: 78; corresponding phone list: 139 140 141 142 
WARNING (gmm-init-model[5.5.0~1531-d619]:InitAmGmm():gmm-init-model.cc:83) Very small count for state 35: 69; corresponding phone list: 143 144 145 146 
WARNING (gmm-init-model[5.5.0~1531-d619]:InitAmGmm():gmm-init-model.cc:83) Very small count for state 36: 67; corresponding phone list: 147 148 149 150 
WARNING (gmm-init-model[5.5.0~1531-d619]:InitAmGmm():gmm-init-model.cc:83) Very small count for state 39: 67; corresponding phone list: 159 160 161 162 
WARNING (gmm-init-model[5.5.0~1531-d619]:InitAmGmm():gmm-init-model.cc:83) Very small count for state 40: 61; corresponding phone list: 163 164 165 166 
WARNING (gmm-init-model[5.5.0~1531-d619]:InitAmGmm():gmm-init-model.cc:83) Very small count for state 41: 75; corresponding phone list: 167 168 169 170 
WARNING (gmm-init-model[5.5.0~1531-d619]:InitAmGmm():gmm-init-model.cc:83) Very small count for state 42: 93; corresponding phone list: 171 172 173 174 
WARNING (gmm-init-model[5.5.0~1531-d619]:InitAmGmm():gmm-init-model.cc:83) Very small count for state 43: 45; corresponding phone list: 175 176 177 178 
WARNING (gmm-init-model[5.5.0~1531-d619]:InitAmGmm():gmm-init-model.cc:83) Very small count for state 46: 14; corresponding phone list: 187 188 189 190 
WARNING (gmm-init-model[5.5.0~1531-d619]:InitAmGmm():gmm-init-model.cc:83) Very small count for state 50: 38; corresponding phone list: 203 204 205 206 
WARNING (gmm-init-model[5.5.0~1531-d619]:InitAmGmm():gmm-init-model.cc:83) Very small count for state 54: 41; corresponding phone list: 219 220 221 222 
WARNING (gmm-init-model[5.5.0~1531-d619]:InitAmGmm():gmm-init-model.cc:83) Very small count for state 68: 68; corresponding phone list: 123 124 125 126 
WARNING (gmm-init-model[5.5.0~1531-d619]:InitAmGmm():gmm-init-model.cc:83) Very small count for state 70: 90; corresponding phone list: 119 120 121 122 
WARNING (gmm-init-model[5.5.0~1531-d619]:InitAmGmm():gmm-init-model.cc:83) Very small count for state 79: 62; corresponding phone list: 59 60 61 62 
WARNING (gmm-init-model[5.5.0~1531-d619]:InitAmGmm():gmm-init-model.cc:83) Very small count for state 85: 51; corresponding phone list: 35 36 37 38 
WARNING (gmm-init-model[5.5.0~1531-d619]:InitAmGmm():gmm-init-model.cc:83) Very small count for state 100: 79; corresponding phone list: 115 116 117 118 
WARNING (gmm-init-model[5.5.0~1531-d619]:InitAmGmm():gmm-init-model.cc:83) Very small count for state 101: 58; corresponding phone list: 163 164 165 166 
WARNING (gmm-init-model[5.5.0~1531-d619]:InitAmGmm():gmm-init-model.cc:83) Very small count for state 102: 80; corresponding phone list: 51 52 53 54 
WARNING (gmm-init-model[5.5.0~1531-d619]:InitAmGmm():gmm-init-model.cc:83) Very small count for state 103: 95; corresponding phone list: 147 148 149 150 
WARNING (gmm-init-model[5.5.0~1531-d619]:InitAmGmm():gmm-init-model.cc:83) Very small count for state 104: 40; corresponding phone list: 11 12 13 14 
WARNING (gmm-init-model[5.5.0~1531-d619]:InitAmGmm():gmm-init-model.cc:83) Very small count for state 107: 53; corresponding phone list: 119 120 121 122 
WARNING (gmm-init-model[5.5.0~1531-d619]:InitAmGmm():gmm-init-model.cc:83) Very small count for state 112: 98; corresponding phone list: 211 212 213 214 
WARNING (gmm-init-model[5.5.0~1531-d619]:InitAmGmm():gmm-init-model.cc:83) Very small count for state 113: 58; corresponding phone list: 55 56 57 58 
WARNING (gmm-init-model[5.5.0~1531-d619]:InitAmGmm():gmm-init-model.cc:83) Very small count for state 115: 49; corresponding phone list: 75 76 77 78 
WARNING (gmm-init-model[5.5.0~1531-d619]:InitAmGmm():gmm-init-model.cc:83) Very small count for state 116: 91; corresponding phone list: 11 12 13 14 
WARNING (gmm-init-model[5.5.0~1531-d619]:InitAmGmm():gmm-init-model.cc:83) Very small count for state 118: 26; corresponding phone list: 123 124 125 126 
WARNING (gmm-init-model[5.5.0~1531-d619]:InitAmGmm():gmm-init-model.cc:83) Very small count for state 119: 63; corresponding phone list: 67 68 69 70 
WARNING (gmm-init-model[5.5.0~1531-d619]:InitAmGmm():gmm-init-model.cc:83) Very small count for state 122: 68; corresponding phone list: 147 148 149 150 
WARNING (gmm-init-model[5.5.0~1531-d619]:InitAmGmm():gmm-init-model.cc:83) Very small count for state 123: 63; corresponding phone list: 123 124 125 126 
WARNING (gmm-init-model[5.5.0~1531-d619]:InitAmGmm():gmm-init-model.cc:83) Very small count for state 124: 85; corresponding phone list: 171 172 173 174 
WARNING (gmm-init-model[5.5.0~1531-d619]:InitAmGmm():gmm-init-model.cc:83) Very small count for state 128: 32; corresponding phone list: 75 76 77 78 
WARNING (gmm-init-model[5.5.0~1531-d619]:InitAmGmm():gmm-init-model.cc:83) Very small count for state 134: 95; corresponding phone list: 139 140 141 142 
WARNING (gmm-init-model[5.5.0~1531-d619]:InitAmGmm():gmm-init-model.cc:83) Very small count for state 135: 78; corresponding phone list: 19 20 21 22 
WARNING (gmm-init-model[5.5.0~1531-d619]:InitAmGmm():gmm-init-model.cc:83) Very small count for state 136: 46; corresponding phone list: 103 104 105 106 
WARNING (gmm-init-model[5.5.0~1531-d619]:InitAmGmm():gmm-init-model.cc:83) Very small count for state 137: 94; corresponding phone list: 35 36 37 38 
WARNING (gmm-init-model[5.5.0~1531-d619]:InitAmGmm():gmm-init-model.cc:83) Very small count for state 139: 60; corresponding phone list: 47 48 49 50 
WARNING (gmm-init-model[5.5.0~1531-d619]:InitAmGmm():gmm-init-model.cc:83) Very small count for state 155: 75; corresponding phone list: 19 20 21 22 
WARNING (gmm-init-model[5.5.0~1531-d619]:InitAmGmm():gmm-init-model.cc:83) Very small count for state 156: 49; corresponding phone list: 147 148 149 150 
WARNING (gmm-init-model[5.5.0~1531-d619]:InitAmGmm():gmm-init-model.cc:83) Very small count for state 161: 46; corresponding phone list: 163 164 165 166 
WARNING (gmm-init-model[5.5.0~1531-d619]:InitAmGmm():gmm-init-model.cc:83) Very small count for state 165: 58; corresponding phone list: 83 84 85 86 
WARNING (gmm-init-model[5.5.0~1531-d619]:InitAmGmm():gmm-init-model.cc:83) Very small count for state 168: 64; corresponding phone list: 15 16 17 18 
WARNING (gmm-init-model[5.5.0~1531-d619]:InitAmGmm():gmm-init-model.cc:83) Very small count for state 170: 26; corresponding phone list: 123 124 125 126 
WARNING (gmm-init-model[5.5.0~1531-d619]:InitAmGmm():gmm-init-model.cc:83) Very small count for state 171: 66; corresponding phone list: 75 76 77 78 
WARNING (gmm-init-model[5.5.0~1531-d619]:InitAmGmm():gmm-init-model.cc:83) Very small count for state 172: 72; corresponding phone list: 111 112 113 114 
WARNING (gmm-init-model[5.5.0~1531-d619]:InitAmGmm():gmm-init-model.cc:83) Very small count for state 177: 79; corresponding phone list: 143 144 145 146 
WARNING (gmm-init-model[5.5.0~1531-d619]:InitAmGmm():gmm-init-model.cc:83) Very small count for state 178: 78; corresponding phone list: 135 136 137 138 
WARNING (gmm-init-model[5.5.0~1531-d619]:InitAmGmm():gmm-init-model.cc:83) Very small count for state 180: 80; corresponding phone list: 95 96 97 98 
WARNING (gmm-init-model[5.5.0~1531-d619]:InitAmGmm():gmm-init-model.cc:83) Very small count for state 184: 81; corresponding phone list: 11 12 13 14 
WARNING (gmm-init-model[5.5.0~1531-d619]:InitAmGmm():gmm-init-model.cc:83) Very small count for state 189: 97; corresponding phone list: 215 216 217 218 
WARNING (gmm-init-model[5.5.0~1531-d619]:InitAmGmm():gmm-init-model.cc:83) Very small count for state 193: 57; corresponding phone list: 147 148 149 150 
WARNING (gmm-init-model[5.5.0~1531-d619]:InitAmGmm():gmm-init-model.cc:83) Very small count for state 194: 37; corresponding phone list: 75 76 77 78 
WARNING (gmm-init-model[5.5.0~1531-d619]:InitAmGmm():gmm-init-model.cc:83) Very small count for state 196: 88; corresponding phone list: 203 204 205 206 
WARNING (gmm-init-model[5.5.0~1531-d619]:InitAmGmm():gmm-init-model.cc:83) Very small count for state 197: 80; corresponding phone list: 51 52 53 54 
WARNING (gmm-init-model[5.5.0~1531-d619]:InitAmGmm():gmm-init-model.cc:83) Very small count for state 200: 94; corresponding phone list: 211 212 213 214 
WARNING (gmm-init-model[5.5.0~1531-d619]:InitAmGmm():gmm-init-model.cc:83) Very small count for state 202: 76; corresponding phone list: 147 148 149 150 
WARNING (gmm-init-model[5.5.0~1531-d619]:InitAmGmm():gmm-init-model.cc:83) Very small count for state 203: 85; corresponding phone list: 59 60 61 62 
WARNING (gmm-init-model[5.5.0~1531-d619]:InitAmGmm():gmm-init-model.cc:83) Very small count for state 205: 71; corresponding phone list: 67 68 69 70 
WARNING (gmm-init-model[5.5.0~1531-d619]:InitAmGmm():gmm-init-model.cc:83) Very small count for state 208: 87; corresponding phone list: 163 164 165 166 
WARNING (gmm-init-model[5.5.0~1531-d619]:InitAmGmm():gmm-init-model.cc:83) Very small count for state 209: 96; corresponding phone list: 115 116 117 118 
WARNING (gmm-init-model[5.5.0~1531-d619]:InitAmGmm():gmm-init-model.cc:83) Very small count for state 210: 23; corresponding phone list: 31 32 33 34 
WARNING (gmm-init-model[5.5.0~1531-d619]:InitAmGmm():gmm-init-model.cc:83) Very small count for state 212: 53; corresponding phone list: 55 56 57 58 
WARNING (gmm-init-model[5.5.0~1531-d619]:InitAmGmm():gmm-init-model.cc:83) Very small count for state 217: 51; corresponding phone list: 39 40 41 42 
WARNING (gmm-init-model[5.5.0~1531-d619]:InitAmGmm():gmm-init-model.cc:83) Very small count for state 220: 61; corresponding phone list: 147 148 149 150 
WARNING (gmm-init-model[5.5.0~1531-d619]:InitAmGmm():gmm-init-model.cc:83) Very small count for state 221: 81; corresponding phone list: 211 212 213 214 
WARNING (gmm-init-model[5.5.0~1531-d619]:InitAmGmm():gmm-init-model.cc:83) Very small count for state 222: 77; corresponding phone list: 147 148 149 150 
WARNING (gmm-init-model[5.5.0~1531-d619]:InitAmGmm():gmm-init-model.cc:83) Very small count for state 224: 85; corresponding phone list: 47 48 49 50 
WARNING (gmm-init-model[5.5.0~1531-d619]:InitAmGmm():gmm-init-model.cc:83) Very small count for state 227: 88; corresponding phone list: 11 12 13 14 
WARNING (gmm-init-model[5.5.0~1531-d619]:InitAmGmm():gmm-init-model.cc:83) Very small count for state 229: 18; corresponding phone list: 87 88 89 90 
WARNING (gmm-init-model[5.5.0~1531-d619]:InitAmGmm():gmm-init-model.cc:83) Very small count for state 230: 95; corresponding phone list: 55 56 57 58 
LOG (gmm-init-model[5.5.0~1531-d619]:main():gmm-init-model.cc:306) Wrote model.
# Accounting: time=0 threads=1
# Ended (code 0) at Sun May  2 10:01:46 UTC 2021, elapsed time 0 seconds
