# gmm-est --mix-up=6320 --power=0.25 --write-occs=exp/tri2/14.occs exp/tri2/13.mdl "gmm-sum-accs - exp/tri2/13.*.acc |" exp/tri2/14.mdl 
# Started at Sun May  2 10:02:02 UTC 2021
#
gmm-est --mix-up=6320 --power=0.25 --write-occs=exp/tri2/14.occs exp/tri2/13.mdl 'gmm-sum-accs - exp/tri2/13.*.acc |' exp/tri2/14.mdl 
gmm-sum-accs - exp/tri2/13.1.acc 
LOG (gmm-sum-accs[5.5.0~1531-d619]:main():gmm-sum-accs.cc:63) Summed 1 stats, total count 66263, avg like/frame -81.561
LOG (gmm-sum-accs[5.5.0~1531-d619]:main():gmm-sum-accs.cc:66) Total count of stats is 66263
LOG (gmm-sum-accs[5.5.0~1531-d619]:main():gmm-sum-accs.cc:67) Written stats to -
LOG (gmm-est[5.5.0~1531-d619]:MleUpdate():transition-model.cc:528) TransitionModel::Update, objf change is 0 per frame over 66263 frames. 
LOG (gmm-est[5.5.0~1531-d619]:MleUpdate():transition-model.cc:531) 98 probabilities floored, 890 out of 1298 transition-states skipped due to insuffient data (it is normal to have some skipped.)
LOG (gmm-est[5.5.0~1531-d619]:main():gmm-est.cc:102) Transition model update: Overall 0 log-like improvement per frame over 66263 frames.
WARNING (gmm-est[5.5.0~1531-d619]:MleDiagGmmUpdate():mle-diag-gmm.cc:365) Gaussian has too little data but not removing it because it is the last Gaussian: i = 0, occ = 0, weight = 1
WARNING (gmm-est[5.5.0~1531-d619]:MleDiagGmmUpdate():mle-diag-gmm.cc:359) Too little data - removing Gaussian (weight 0.003513, occupation count 9.997497, vector size 39)
WARNING (gmm-est[5.5.0~1531-d619]:MleDiagGmmUpdate():mle-diag-gmm.cc:359) Too little data - removing Gaussian (weight 0.000838, occupation count 8.761237, vector size 39)
WARNING (gmm-est[5.5.0~1531-d619]:MleDiagGmmUpdate():mle-diag-gmm.cc:359) Too little data - removing Gaussian (weight 0.000879, occupation count 9.184451, vector size 39)
WARNING (gmm-est[5.5.0~1531-d619]:MleDiagGmmUpdate():mle-diag-gmm.cc:359) Too little data - removing Gaussian (weight 0.000946, occupation count 9.890834, vector size 39)
WARNING (gmm-est[5.5.0~1531-d619]:MleDiagGmmUpdate():mle-diag-gmm.cc:359) Too little data - removing Gaussian (weight 0.000896, occupation count 9.367654, vector size 39)
WARNING (gmm-est[5.5.0~1531-d619]:MleDiagGmmUpdate():mle-diag-gmm.cc:359) Too little data - removing Gaussian (weight 0.003559, occupation count 9.820364, vector size 39)
WARNING (gmm-est[5.5.0~1531-d619]:MleDiagGmmUpdate():mle-diag-gmm.cc:359) Too little data - removing Gaussian (weight 0.148597, occupation count 9.956032, vector size 39)
WARNING (gmm-est[5.5.0~1531-d619]:MleDiagGmmUpdate():mle-diag-gmm.cc:359) Too little data - removing Gaussian (weight 0.117647, occupation count 9.999997, vector size 39)
LOG (gmm-est[5.5.0~1531-d619]:MleAmDiagGmmUpdate():mle-am-diag-gmm.cc:225) 1 variance elements floored in 1 Gaussians, out of 3195
LOG (gmm-est[5.5.0~1531-d619]:MleAmDiagGmmUpdate():mle-am-diag-gmm.cc:229) Removed 8 Gaussians due to counts < --min-gaussian-occupancy=10 and --remove-low-count-gaussians=true
LOG (gmm-est[5.5.0~1531-d619]:main():gmm-est.cc:113) GMM update: Overall 0.078158 objective function improvement per frame over 66263 frames
LOG (gmm-est[5.5.0~1531-d619]:main():gmm-est.cc:116) GMM update: Overall avg like per frame = -81.561 over 66263 frames.
WARNING (gmm-est[5.5.0~1531-d619]:GetSplitTargets():model-common.cc:134) Could not split up to 6320 due to min-count = 20 (or no counts at all)

LOG (gmm-est[5.5.0~1531-d619]:SplitByCount():am-diag-gmm.cc:116) Split 232 states with target = 6320, power = 0.25, perturb_factor = 0.01 and min_count = 20, split #Gauss from 3195 to 3203
LOG (gmm-est[5.5.0~1531-d619]:main():gmm-est.cc:146) Written model to exp/tri2/14.mdl
# Accounting: time=0 threads=1
# Ended (code 0) at Sun May  2 10:02:02 UTC 2021, elapsed time 0 seconds
