# gunzip -c exp/tri2/decode/depth_tmp.*.gz | steps/diagnostic/analyze_lattice_depth_stats.py exp/tri2/graph exp/tri2/decode/ali_frame_tmp.gz 
# Started at Sun May  2 10:02:34 UTC 2021
#
The total amount of data analyzed assuming 100 frames per second is 0.0 hours
Overall, lattice depth (10,50,90-percentile)=(1,1,5) and mean=2.8
Nonsilence phones as a group account for 52.7% of frames, with lattice depth (10,50,90-percentile)=(1,1,5) and mean=2.7
Phone SIL accounts for 47.3% of frames, with lattice depth (10,50,90-percentile)=(1,1,5) and mean=2.9
Phone aa_I accounts for 4.7% of frames, with lattice depth (10,50,90-percentile)=(1,1,3) and mean=2.0
Phone a_I accounts for 3.6% of frames, with lattice depth (10,50,90-percentile)=(1,1,6) and mean=4.3
Phone ii_E accounts for 3.2% of frames, with lattice depth (10,50,90-percentile)=(1,2,11) and mean=3.6
Phone aa_E accounts for 2.7% of frames, with lattice depth (10,50,90-percentile)=(1,1,3) and mean=3.1
Phone n^_E accounts for 2.6% of frames, with lattice depth (10,50,90-percentile)=(1,1,4) and mean=2.3
Phone r_B accounts for 2.5% of frames, with lattice depth (10,50,90-percentile)=(1,1,2) and mean=1.7
Phone j^_E accounts for 2.3% of frames, with lattice depth (10,50,90-percentile)=(1,2,11) and mean=4.1
Phone th_B accounts for 2.1% of frames, with lattice depth (10,50,90-percentile)=(1,2,9) and mean=3.8
Phone s_B accounts for 1.9% of frames, with lattice depth (10,50,90-percentile)=(1,1,4) and mean=1.7
Phone ee_I accounts for 1.9% of frames, with lattice depth (10,50,90-percentile)=(1,1,9) and mean=2.4
Phone k^_E accounts for 1.9% of frames, with lattice depth (10,50,90-percentile)=(1,1,3) and mean=1.5
Phone n_B accounts for 1.8% of frames, with lattice depth (10,50,90-percentile)=(1,1,3) and mean=1.6
Phone p^_E accounts for 1.4% of frames, with lattice depth (10,50,90-percentile)=(1,1,4) and mean=2.7
Phone t^_E accounts for 1.1% of frames, with lattice depth (10,50,90-percentile)=(1,2,20) and mean=7.3
Phone w^_E accounts for 1.0% of frames, with lattice depth (10,50,90-percentile)=(1,3,26) and mean=6.0
Phone p_B accounts for 0.9% of frames, with lattice depth (10,50,90-percentile)=(1,1,5) and mean=2.3
Phone vva_I accounts for 0.8% of frames, with lattice depth (10,50,90-percentile)=(1,1,1) and mean=1.1
Phone ng^_E accounts for 0.8% of frames, with lattice depth (10,50,90-percentile)=(1,1,3) and mean=1.7
Phone j_B accounts for 0.7% of frames, with lattice depth (10,50,90-percentile)=(1,1,3) and mean=1.9
Phone d_B accounts for 0.7% of frames, with lattice depth (10,50,90-percentile)=(1,1,1) and mean=2.7
Phone m^_E accounts for 0.7% of frames, with lattice depth (10,50,90-percentile)=(1,1,2) and mean=1.3
Phone pl_B accounts for 0.7% of frames, with lattice depth (10,50,90-percentile)=(1,1,1) and mean=1.0
Phone m^_I accounts for 0.6% of frames, with lattice depth (10,50,90-percentile)=(1,1,5) and mean=1.8
Phone uu_I accounts for 0.6% of frames, with lattice depth (10,50,90-percentile)=(1,2,28) and mean=9.4
Phone xx_I accounts for 0.6% of frames, with lattice depth (10,50,90-percentile)=(1,1,2) and mean=1.5
Phone uu_E accounts for 0.6% of frames, with lattice depth (10,50,90-percentile)=(1,1,1) and mean=1.1
Phone i_I accounts for 0.5% of frames, with lattice depth (10,50,90-percentile)=(1,1,2) and mean=1.3
Phone k_B accounts for 0.5% of frames, with lattice depth (10,50,90-percentile)=(1,1,4) and mean=2.1
# Accounting: time=0 threads=1
# Ended (code 0) at Sun May  2 10:02:34 UTC 2021, elapsed time 0 seconds
