# lattice-depth-per-frame "ark:gunzip -c exp/tri2/decode/lat.1.gz|" "ark,t:|gzip -c > exp/tri2/decode/depth_tmp.1.gz" ark:- | lattice-best-path --acoustic-scale=0.1 ark:- ark:/dev/null "ark,t:|gzip -c >exp/tri2/decode/ali_tmp.1.gz" 
# Started at Sun May  2 10:02:34 UTC 2021
#
lattice-depth-per-frame 'ark:gunzip -c exp/tri2/decode/lat.1.gz|' 'ark,t:|gzip -c > exp/tri2/decode/depth_tmp.1.gz' ark:- 
lattice-best-path --acoustic-scale=0.1 ark:- ark:/dev/null 'ark,t:|gzip -c >exp/tri2/decode/ali_tmp.1.gz' 
LOG (lattice-best-path[5.5.0~1531-d619]:main():lattice-best-path.cc:99) For utterance 6030133421_0004, best cost 25.0281 + 2763.86 = 2788.88 over 303 frames.
LOG (lattice-best-path[5.5.0~1531-d619]:main():lattice-best-path.cc:99) For utterance 6030133421_0006, best cost 26.1551 + 2234.48 = 2260.63 over 237 frames.
LOG (lattice-best-path[5.5.0~1531-d619]:main():lattice-best-path.cc:99) For utterance 6030133421_0008, best cost 18.8588 + 1911.67 = 1930.53 over 208 frames.
LOG (lattice-best-path[5.5.0~1531-d619]:main():lattice-best-path.cc:99) For utterance 6030133421_0010, best cost 28.5096 + 2168.78 = 2197.29 over 225 frames.
LOG (lattice-best-path[5.5.0~1531-d619]:main():lattice-best-path.cc:99) For utterance 6030133421_0012, best cost 22.1741 + 2208.33 = 2230.5 over 223 frames.
LOG (lattice-best-path[5.5.0~1531-d619]:main():lattice-best-path.cc:99) For utterance 6030133421_0014, best cost 29.0267 + 2975.42 = 3004.45 over 313 frames.
LOG (lattice-best-path[5.5.0~1531-d619]:main():lattice-best-path.cc:99) For utterance 6030133421_0016, best cost 28.5726 + 2554.13 = 2582.7 over 263 frames.
LOG (lattice-best-path[5.5.0~1531-d619]:main():lattice-best-path.cc:99) For utterance 6030133421_0018, best cost 27.1147 + 3146.02 = 3173.14 over 342 frames.
LOG (lattice-best-path[5.5.0~1531-d619]:main():lattice-best-path.cc:99) For utterance 6030133421_0020, best cost 34.8057 + 2990.88 = 3025.68 over 306 frames.
LOG (lattice-best-path[5.5.0~1531-d619]:main():lattice-best-path.cc:99) For utterance 6030133421_0022, best cost 29.1166 + 2752.35 = 2781.46 over 282 frames.
LOG (lattice-best-path[5.5.0~1531-d619]:main():lattice-best-path.cc:99) For utterance 6030133421_0024, best cost 30.9893 + 3074.69 = 3105.68 over 312 frames.
LOG (lattice-best-path[5.5.0~1531-d619]:main():lattice-best-path.cc:99) For utterance 6030133421_0026, best cost 38.5762 + 3699.86 = 3738.44 over 384 frames.
LOG (lattice-best-path[5.5.0~1531-d619]:main():lattice-best-path.cc:99) For utterance 6030133421_0028, best cost 27.2959 + 2679.3 = 2706.59 over 275 frames.
LOG (lattice-best-path[5.5.0~1531-d619]:main():lattice-best-path.cc:99) For utterance 6030133421_0030, best cost 29.4103 + 2903.44 = 2932.85 over 272 frames.
LOG (lattice-best-path[5.5.0~1531-d619]:main():lattice-best-path.cc:99) For utterance 6030133421_0032, best cost 28.5931 + 2404.36 = 2432.95 over 244 frames.
LOG (lattice-best-path[5.5.0~1531-d619]:main():lattice-best-path.cc:99) For utterance 6030133421_0034, best cost 27.7586 + 2398.87 = 2426.63 over 233 frames.
LOG (lattice-best-path[5.5.0~1531-d619]:main():lattice-best-path.cc:99) For utterance 6030133421_0036, best cost 25.5367 + 2751.21 = 2776.74 over 277 frames.
LOG (lattice-best-path[5.5.0~1531-d619]:main():lattice-best-path.cc:99) For utterance 6030133421_0038, best cost 23.5448 + 2048.39 = 2071.93 over 208 frames.
LOG (lattice-best-path[5.5.0~1531-d619]:main():lattice-best-path.cc:99) For utterance 6030133421_0040, best cost 27.9661 + 2832.09 = 2860.06 over 284 frames.
LOG (lattice-best-path[5.5.0~1531-d619]:main():lattice-best-path.cc:99) For utterance 6030133421_0042, best cost 25.6248 + 2564.76 = 2590.38 over 267 frames.
LOG (lattice-best-path[5.5.0~1531-d619]:main():lattice-best-path.cc:99) For utterance 6030133421_0044, best cost 24.0933 + 2076.83 = 2100.92 over 207 frames.
LOG (lattice-best-path[5.5.0~1531-d619]:main():lattice-best-path.cc:99) For utterance 6030352521_0046, best cost 29.367 + 1668.63 = 1698 over 203 frames.
LOG (lattice-best-path[5.5.0~1531-d619]:main():lattice-best-path.cc:99) For utterance 6030352521_0048, best cost 22.1795 + 1689.58 = 1711.76 over 210 frames.
LOG (lattice-best-path[5.5.0~1531-d619]:main():lattice-best-path.cc:99) For utterance 6030352521_0050, best cost 20.0128 + 2151.45 = 2171.46 over 275 frames.
LOG (lattice-best-path[5.5.0~1531-d619]:main():lattice-best-path.cc:99) For utterance 6030352521_0052, best cost 26.1502 + 1757.32 = 1783.47 over 215 frames.
LOG (lattice-best-path[5.5.0~1531-d619]:main():lattice-best-path.cc:99) For utterance 6030352521_0054, best cost 21.9472 + 1985.01 = 2006.96 over 248 frames.
LOG (lattice-best-path[5.5.0~1531-d619]:main():lattice-best-path.cc:99) For utterance 6030352521_0056, best cost 27.1229 + 1861.46 = 1888.58 over 228 frames.
LOG (lattice-best-path[5.5.0~1531-d619]:main():lattice-best-path.cc:99) For utterance 6030352521_0058, best cost 21.2975 + 1633.73 = 1655.03 over 210 frames.
LOG (lattice-best-path[5.5.0~1531-d619]:main():lattice-best-path.cc:99) For utterance 6030352521_0060, best cost 20.0119 + 1613.85 = 1633.86 over 200 frames.
LOG (lattice-best-path[5.5.0~1531-d619]:main():lattice-best-path.cc:99) For utterance 6030352521_0062, best cost 28.9115 + 2111.25 = 2140.17 over 266 frames.
LOG (lattice-best-path[5.5.0~1531-d619]:main():lattice-best-path.cc:99) For utterance 6030352521_0064, best cost 23.3144 + 1791.6 = 1814.92 over 233 frames.
LOG (lattice-best-path[5.5.0~1531-d619]:main():lattice-best-path.cc:99) For utterance 6030352521_0066, best cost 33.2646 + 1961.71 = 1994.98 over 248 frames.
LOG (lattice-best-path[5.5.0~1531-d619]:main():lattice-best-path.cc:99) For utterance 6030352521_0068, best cost 17.8457 + 1909.11 = 1926.95 over 251 frames.
LOG (lattice-best-path[5.5.0~1531-d619]:main():lattice-best-path.cc:99) For utterance 6030352521_0070, best cost 29.0315 + 2495.79 = 2524.82 over 306 frames.
LOG (lattice-best-path[5.5.0~1531-d619]:main():lattice-best-path.cc:99) For utterance 6030352521_0072, best cost 15.1838 + 1588.23 = 1603.42 over 201 frames.
LOG (lattice-best-path[5.5.0~1531-d619]:main():lattice-best-path.cc:99) For utterance 6030352521_0074, best cost 21.1896 + 1977.03 = 1998.22 over 239 frames.
LOG (lattice-best-path[5.5.0~1531-d619]:main():lattice-best-path.cc:99) For utterance 6030352521_0076, best cost 19.5159 + 1998.79 = 2018.31 over 257 frames.
LOG (lattice-best-path[5.5.0~1531-d619]:main():lattice-best-path.cc:99) For utterance 6030352521_0078, best cost 17.2128 + 1966.66 = 1983.88 over 248 frames.
LOG (lattice-best-path[5.5.0~1531-d619]:main():lattice-best-path.cc:99) For utterance 6030352521_0080, best cost 18.077 + 1688.6 = 1706.67 over 212 frames.
LOG (lattice-best-path[5.5.0~1531-d619]:main():lattice-best-path.cc:99) For utterance 6030352521_0082, best cost 35.4042 + 1786.3 = 1821.7 over 212 frames.
LOG (lattice-best-path[5.5.0~1531-d619]:main():lattice-best-path.cc:99) For utterance 6030352521_0084, best cost 32.3524 + 1579.73 = 1612.08 over 194 frames.
LOG (lattice-depth-per-frame[5.5.0~1531-d619]:main():lattice-depth-per-frame.cc:82) Done 59 lattices.
LOG (lattice-best-path[5.5.0~1531-d619]:main():lattice-best-path.cc:99) For utterance 6030352521_0086, best cost 19.619 + 1938.39 = 1958.01 over 228 frames.
LOG (lattice-best-path[5.5.0~1531-d619]:main():lattice-best-path.cc:99) For utterance 6030352521_0088, best cost 23.7086 + 1817.45 = 1841.16 over 221 frames.
LOG (lattice-best-path[5.5.0~1531-d619]:main():lattice-best-path.cc:99) For utterance 6030352521_0090, best cost 18.1203 + 1666.76 = 1684.88 over 206 frames.
LOG (lattice-best-path[5.5.0~1531-d619]:main():lattice-best-path.cc:99) For utterance 6030352521_0092, best cost 22.4403 + 1954.51 = 1976.96 over 231 frames.
LOG (lattice-best-path[5.5.0~1531-d619]:main():lattice-best-path.cc:99) For utterance 6030352521_0094, best cost 16.9701 + 1826.17 = 1843.14 over 233 frames.
LOG (lattice-best-path[5.5.0~1531-d619]:main():lattice-best-path.cc:99) For utterance 6031323521_0096, best cost 21.4352 + 1632.27 = 1653.71 over 172 frames.
LOG (lattice-best-path[5.5.0~1531-d619]:main():lattice-best-path.cc:99) For utterance 6031323521_0098, best cost 21.0362 + 1822.03 = 1843.07 over 191 frames.
LOG (lattice-best-path[5.5.0~1531-d619]:main():lattice-best-path.cc:99) For utterance 6031323521_0100, best cost 15.3458 + 1437.32 = 1452.66 over 159 frames.
LOG (lattice-best-path[5.5.0~1531-d619]:main():lattice-best-path.cc:99) For utterance 6031323521_0102, best cost 29.0289 + 1553.63 = 1582.66 over 159 frames.
LOG (lattice-best-path[5.5.0~1531-d619]:main():lattice-best-path.cc:99) For utterance 6031323521_0104, best cost 22.6224 + 1341.85 = 1364.47 over 148 frames.
LOG (lattice-best-path[5.5.0~1531-d619]:main():lattice-best-path.cc:99) For utterance 6031323521_0106, best cost 23.8703 + 1333.63 = 1357.5 over 132 frames.
LOG (lattice-best-path[5.5.0~1531-d619]:main():lattice-best-path.cc:99) For utterance 6031323521_0108, best cost 19.387 + 1126.67 = 1146.06 over 121 frames.
LOG (lattice-best-path[5.5.0~1531-d619]:main():lattice-best-path.cc:99) For utterance 6031323521_0110, best cost 17.8936 + 1586.67 = 1604.56 over 169 frames.
LOG (lattice-best-path[5.5.0~1531-d619]:main():lattice-best-path.cc:99) For utterance 6031323521_0112, best cost 19.7763 + 1630.61 = 1650.39 over 181 frames.
LOG (lattice-best-path[5.5.0~1531-d619]:main():lattice-best-path.cc:99) For utterance 6031323521_0114, best cost 32.9928 + 1488.62 = 1521.61 over 154 frames.
LOG (lattice-best-path[5.5.0~1531-d619]:main():lattice-best-path.cc:99) For utterance 6031323521_0116, best cost 29.2917 + 1635.52 = 1664.81 over 167 frames.
LOG (lattice-best-path[5.5.0~1531-d619]:main():lattice-best-path.cc:99) For utterance 6031323521_0118, best cost 17.8964 + 1579.83 = 1597.72 over 178 frames.
LOG (lattice-best-path[5.5.0~1531-d619]:main():lattice-best-path.cc:99) For utterance 6031323521_0120, best cost 27.0211 + 1522.36 = 1549.38 over 160 frames.
LOG (lattice-best-path[5.5.0~1531-d619]:main():lattice-best-path.cc:124) Overall cost per frame is 9.06854 = 0.107649 [graph] + 8.96089 [acoustic] over 13531 frames.
LOG (lattice-best-path[5.5.0~1531-d619]:main():lattice-best-path.cc:128) Done 59 lattices, failed for 0
# Accounting: time=0 threads=1
# Ended (code 0) at Sun May  2 10:02:34 UTC 2021, elapsed time 0 seconds
