# lattice-scale --inv-acoustic-scale=12 "ark:gunzip -c exp/tri2/decode/lat.*.gz|" ark:- | lattice-add-penalty --word-ins-penalty=1.0 ark:- ark:- | lattice-best-path --word-symbol-table=exp/tri2/graph/words.txt ark:- ark,t:- | utils/int2sym.pl -f 2- exp/tri2/graph/words.txt | cat > exp/tri2/decode/scoring_kaldi/penalty_1.0/12.txt 
# Started at Sun May  2 10:02:37 UTC 2021
#
lattice-add-penalty --word-ins-penalty=1.0 ark:- ark:- 
lattice-best-path --word-symbol-table=exp/tri2/graph/words.txt ark:- ark,t:- 
lattice-scale --inv-acoustic-scale=12 'ark:gunzip -c exp/tri2/decode/lat.*.gz|' ark:- 
LOG (lattice-best-path[5.5.0~1531-d619]:main():lattice-best-path.cc:99) For utterance 6030133421_0004, best cost 28.0281 + 2303.21 = 2331.24 over 303 frames.
6030133421_0004 ไป หน้า ถัดไป 
LOG (lattice-best-path[5.5.0~1531-d619]:main():lattice-best-path.cc:99) For utterance 6030133421_0006, best cost 24.4858 + 1866.71 = 1891.19 over 237 frames.
6030133421_0006 ไป หน้า ก่อนหน้า 
LOG (lattice-best-path[5.5.0~1531-d619]:main():lattice-best-path.cc:99) For utterance 6030133421_0008, best cost 21.8588 + 1593.06 = 1614.92 over 208 frames.
6030133421_0008 ไป หน้า แรก 
LOG (lattice-best-path[5.5.0~1531-d619]:main():lattice-best-path.cc:99) For utterance 6030133421_0010, best cost 30.1936 + 1809.49 = 1839.68 over 225 frames.
6030133421_0010 ถัด ไป หน้า แรก 
LOG (lattice-best-path[5.5.0~1531-d619]:main():lattice-best-path.cc:99) For utterance 6030133421_0012, best cost 25.1741 + 1840.27 = 1865.45 over 223 frames.
6030133421_0012 ไป หน้า สุดท้าย 
LOG (lattice-best-path[5.5.0~1531-d619]:main():lattice-best-path.cc:99) For utterance 6030133421_0014, best cost 35.0267 + 2479.52 = 2514.54 over 313 frames.
6030133421_0014 เปลี่ยน หน้า ไป หน้า ที่ หนึ่ง 
LOG (lattice-best-path[5.5.0~1531-d619]:main():lattice-best-path.cc:99) For utterance 6030133421_0016, best cost 34.5726 + 2128.44 = 2163.02 over 263 frames.
6030133421_0016 เปลี่ยน หน้า ไป หน้า ที่ สาม 
LOG (lattice-best-path[5.5.0~1531-d619]:main():lattice-best-path.cc:99) For utterance 6030133421_0018, best cost 33.1147 + 2621.68 = 2654.8 over 342 frames.
6030133421_0018 เปลี่ยน หน้า ไป หน้า ที่ เก้า 
LOG (lattice-best-path[5.5.0~1531-d619]:main():lattice-best-path.cc:99) For utterance 6030133421_0020, best cost 41.8057 + 2492.4 = 2534.2 over 306 frames.
6030133421_0020 เปลี่ยน หน้า ไป หน้า ที่ สิบ เสต๊ก 
LOG (lattice-best-path[5.5.0~1531-d619]:main():lattice-best-path.cc:99) For utterance 6030133421_0022, best cost 35.1166 + 2293.62 = 2328.74 over 282 frames.
6030133421_0022 เปลี่ยน หน้า ไป หน้า ที่ แปด 
LOG (lattice-best-path[5.5.0~1531-d619]:main():lattice-best-path.cc:99) For utterance 6030133421_0024, best cost 37.9893 + 2562.24 = 2600.23 over 312 frames.
6030133421_0024 เปลี่ยน หน้า ไป หน้า ที่ ยี่ สิบ 
LOG (lattice-best-path[5.5.0~1531-d619]:main():lattice-best-path.cc:99) For utterance 6030133421_0026, best cost 43.5762 + 3083.22 = 3126.8 over 384 frames.
6030133421_0026 ย้อน ร้าน ลำดับ ที่ สี่ 
LOG (lattice-best-path[5.5.0~1531-d619]:main():lattice-best-path.cc:99) For utterance 6030133421_0028, best cost 32.2959 + 2232.75 = 2265.04 over 275 frames.
6030133421_0028 เลือก ร้าน ที่ สิบ เก้า 
LOG (lattice-best-path[5.5.0~1531-d619]:main():lattice-best-path.cc:99) For utterance 6030133421_0030, best cost 35.4103 + 2419.54 = 2454.95 over 272 frames.
6030133421_0030 เลือก ร้าน ลำดับ ที่ ยี่ สิบ 
LOG (lattice-best-path[5.5.0~1531-d619]:main():lattice-best-path.cc:99) For utterance 6030133421_0032, best cost 28.5513 + 2008.02 = 2036.58 over 244 frames.
6030133421_0032 เลือก ร้าน ที่ สิบ แปด 
LOG (lattice-best-path[5.5.0~1531-d619]:main():lattice-best-path.cc:99) For utterance 6030133421_0034, best cost 32.7586 + 1999.06 = 2031.81 over 233 frames.
6030133421_0034 เลือก ร้าน ลำดับ สิบ สอง 
LOG (lattice-best-path[5.5.0~1531-d619]:main():lattice-best-path.cc:99) For utterance 6030133421_0036, best cost 30.5367 + 2292.67 = 2323.21 over 277 frames.
6030133421_0036 เลือก ร้าน ที่ สิบ เอ็ด 
LOG (lattice-best-path[5.5.0~1531-d619]:main():lattice-best-path.cc:99) For utterance 6030133421_0038, best cost 26.5448 + 1706.99 = 1733.53 over 208 frames.
6030133421_0038 เลือก รายการ แปด 
LOG (lattice-best-path[5.5.0~1531-d619]:main():lattice-best-path.cc:99) For utterance 6030133421_0040, best cost 32.9661 + 2360.08 = 2393.04 over 284 frames.
6030133421_0040 เลือก ลำดับ ที่ สิบ สาม 
LOG (lattice-best-path[5.5.0~1531-d619]:main():lattice-best-path.cc:99) For utterance 6030133421_0042, best cost 29.6248 + 2137.3 = 2166.92 over 267 frames.
6030133421_0042 เลือก รายการ ที่ เก้า 
LOG (lattice-best-path[5.5.0~1531-d619]:main():lattice-best-path.cc:99) For utterance 6030133421_0044, best cost 27.0933 + 1730.69 = 1757.78 over 207 frames.
6030133421_0044 เลือก รายการ สิบ 
LOG (lattice-best-path[5.5.0~1531-d619]:main():lattice-best-path.cc:99) For utterance 6030352521_0046, best cost 33.367 + 1390.53 = 1423.89 over 203 frames.
6030352521_0046 ประเภท ที่ ที่ หนึ่ง 
LOG (lattice-best-path[5.5.0~1531-d619]:main():lattice-best-path.cc:99) For utterance 6030352521_0048, best cost 24.1795 + 1407.98 = 1432.16 over 210 frames.
6030352521_0048 ประเภท คลองสาร 
LOG (lattice-best-path[5.5.0~1531-d619]:main():lattice-best-path.cc:99) For utterance 6030352521_0050, best cost 22.0128 + 1792.87 = 1814.88 over 275 frames.
6030352521_0050 ประเภท สี่ 
LOG (lattice-best-path[5.5.0~1531-d619]:main():lattice-best-path.cc:99) For utterance 6030352521_0052, best cost 25.6313 + 1466.75 = 1492.38 over 215 frames.
6030352521_0052 ประเภท บัตรเครดิต 
LOG (lattice-best-path[5.5.0~1531-d619]:main():lattice-best-path.cc:99) For utterance 6030352521_0054, best cost 24.9472 + 1654.17 = 1679.12 over 248 frames.
6030352521_0054 ประเภท อาหาร เกาหลี 
LOG (lattice-best-path[5.5.0~1531-d619]:main():lattice-best-path.cc:99) For utterance 6030352521_0056, best cost 25.9073 + 1556.12 = 1582.03 over 228 frames.
6030352521_0056 ประเภท อาหาร อีสาน 
LOG (lattice-best-path[5.5.0~1531-d619]:main():lattice-best-path.cc:99) For utterance 6030352521_0058, best cost 23.2975 + 1361.44 = 1384.74 over 210 frames.
6030352521_0058 ร้าน ติ่มซำ 
LOG (lattice-best-path[5.5.0~1531-d619]:main():lattice-best-path.cc:99) For utterance 6030352521_0060, best cost 23.0119 + 1344.87 = 1367.89 over 200 frames.
6030352521_0060 ร้าน อาหาร ทะเล 
LOG (lattice-scale[5.5.0~1531-d619]:main():lattice-scale.cc:107) Done 59 lattices.
LOG (lattice-best-path[5.5.0~1531-d619]:main():lattice-best-path.cc:99) For utterance 6030352521_0062, best cost 33.9115 + 1759.38 = 1793.29 over 266 frames.
6030352521_0062 หา ร้าน ที่ ที่ เก้า 
LOG (lattice-best-path[5.5.0~1531-d619]:main():lattice-best-path.cc:99) For utterance 6030352521_0064, best cost 27.3144 + 1493 = 1520.32 over 233 frames.
6030352521_0064 หา ร้าน ที่ หนึ่ง 
LOG (lattice-best-path[5.5.0~1531-d619]:main():lattice-best-path.cc:99) For utterance 6030352521_0066, best cost 29.138 + 1641.79 = 1670.93 over 248 frames.
6030352521_0066 หา ร้าน ร้านอาหาร 
LOG (lattice-best-path[5.5.0~1531-d619]:main():lattice-best-path.cc:99) For utterance 6030352521_0068, best cost 19.8457 + 1590.92 = 1610.77 over 251 frames.
6030352521_0068 เลือก ประเภท 
LOG (lattice-best-path[5.5.0~1531-d619]:main():lattice-best-path.cc:99) For utterance 6030352521_0070, best cost 33.0315 + 2079.82 = 2112.85 over 306 frames.
6030352521_0070 แสดง ประเภท ร้าน อาหาร 
LOG (lattice-best-path[5.5.0~1531-d619]:main():lattice-best-path.cc:99) For utterance 6030352521_0072, best cost 16.1838 + 1323.53 = 1339.71 over 201 frames.
6030352521_0072 ยกเลิก 
LOG (lattice-best-path[5.5.0~1531-d619]:main():lattice-best-path.cc:99) For utterance 6030352521_0074, best cost 25.1896 + 1647.52 = 1672.71 over 239 frames.
6030352521_0074 ช่วง ราคา ถูก มาก 
LOG (lattice-best-path[5.5.0~1531-d619]:main():lattice-best-path.cc:99) For utterance 6030352521_0076, best cost 21.5159 + 1665.66 = 1687.18 over 257 frames.
6030352521_0076 ราคา ปานกลาง 
LOG (lattice-best-path[5.5.0~1531-d619]:main():lattice-best-path.cc:99) For utterance 6030352521_0078, best cost 19.2128 + 1638.89 = 1658.1 over 248 frames.
6030352521_0078 ราคา ถูก 
LOG (lattice-best-path[5.5.0~1531-d619]:main():lattice-best-path.cc:99) For utterance 6030352521_0080, best cost 21.077 + 1407.16 = 1428.24 over 212 frames.
6030352521_0080 ราคา ถูก มาก 
LOG (lattice-best-path[5.5.0~1531-d619]:main():lattice-best-path.cc:99) For utterance 6030352521_0082, best cost 39.4042 + 1488.58 = 1527.99 over 212 frames.
6030352521_0082 อย่าง ต่ำ สาม อย่าง 
LOG (lattice-add-penalty[5.5.0~1531-d619]:main():lattice-add-penalty.cc:62) Done adding word insertion penalty to 59 lattices.
LOG (lattice-best-path[5.5.0~1531-d619]:main():lattice-best-path.cc:99) For utterance 6030352521_0084, best cost 29.4791 + 1320.96 = 1350.43 over 194 frames.
6030352521_0084 ไม่เลือก อย่าง 
LOG (lattice-best-path[5.5.0~1531-d619]:main():lattice-best-path.cc:99) For utterance 6030352521_0086, best cost 21.619 + 1615.33 = 1636.95 over 228 frames.
6030352521_0086 บริเวณ สยาม 
LOG (lattice-best-path[5.5.0~1531-d619]:main():lattice-best-path.cc:99) For utterance 6030352521_0088, best cost 26.7086 + 1514.54 = 1541.25 over 221 frames.
6030352521_0088 แถว แถว ข้าวสาร 
LOG (lattice-best-path[5.5.0~1531-d619]:main():lattice-best-path.cc:99) For utterance 6030352521_0090, best cost 20.1203 + 1388.97 = 1409.09 over 206 frames.
6030352521_0090 แถว คลองตัน 
LOG (lattice-best-path[5.5.0~1531-d619]:main():lattice-best-path.cc:99) For utterance 6030352521_0092, best cost 25.4403 + 1628.76 = 1654.2 over 231 frames.
6030352521_0092 ใน ตลาดนัด จตุจักร 
LOG (lattice-best-path[5.5.0~1531-d619]:main():lattice-best-path.cc:99) For utterance 6030352521_0094, best cost 18.9701 + 1521.81 = 1540.78 over 233 frames.
6030352521_0094 เลือก สถานที่ 
LOG (lattice-best-path[5.5.0~1531-d619]:main():lattice-best-path.cc:99) For utterance 6031323521_0096, best cost 24.4352 + 1360.23 = 1384.66 over 172 frames.
6031323521_0096 ดู รีวิว ถัด 
LOG (lattice-best-path[5.5.0~1531-d619]:main():lattice-best-path.cc:99) For utterance 6031323521_0098, best cost 25.0362 + 1518.36 = 1543.4 over 191 frames.
6031323521_0098 ดู รีวิว ถัด ไป 
LOG (lattice-best-path[5.5.0~1531-d619]:main():lattice-best-path.cc:99) For utterance 6031323521_0100, best cost 16.3458 + 1197.77 = 1214.11 over 159 frames.
6031323521_0100 นำทาง 
LOG (lattice-best-path[5.5.0~1531-d619]:main():lattice-best-path.cc:99) For utterance 6031323521_0102, best cost 33.0289 + 1294.7 = 1327.72 over 159 frames.
6031323521_0102 นำทาง ไป ที่ ร้าน 
LOG (lattice-best-path[5.5.0~1531-d619]:main():lattice-best-path.cc:99) For utterance 6031323521_0104, best cost 25.6224 + 1118.21 = 1143.83 over 148 frames.
6031323521_0104 ดู เบอร์ เก้า 
LOG (lattice-best-path[5.5.0~1531-d619]:main():lattice-best-path.cc:99) For utterance 6031323521_0106, best cost 27.8703 + 1111.36 = 1139.23 over 132 frames.
6031323521_0106 ดู เบอร์ โทรศัพท์ ร้าน 
LOG (lattice-best-path[5.5.0~1531-d619]:main():lattice-best-path.cc:99) For utterance 6031323521_0108, best cost 22.387 + 938.89 = 961.277 over 121 frames.
6031323521_0108 โทรศัพท์ หา ร้าน 
LOG (lattice-best-path[5.5.0~1531-d619]:main():lattice-best-path.cc:99) For utterance 6031323521_0110, best cost 21.8936 + 1322.22 = 1344.12 over 169 frames.
6031323521_0110 ดู รูป ถัด ไป 
LOG (lattice-best-path[5.5.0~1531-d619]:main():lattice-best-path.cc:99) For utterance 6031323521_0112, best cost 23.7763 + 1358.85 = 1382.62 over 181 frames.
6031323521_0112 ดู รูป ก่อน หน้า 
LOG (lattice-best-path[5.5.0~1531-d619]:main():lattice-best-path.cc:99) For utterance 6031323521_0114, best cost 36.9928 + 1240.52 = 1277.51 over 154 frames.
6031323521_0114 มี ที่ ดาว ไหม 
LOG (lattice-best-path[5.5.0~1531-d619]:main():lattice-best-path.cc:99) For utterance 6031323521_0116, best cost 28.177 + 1366.83 = 1395.01 over 167 frames.
6031323521_0116 ลำดับ ที่ ไหม 
LOG (lattice-best-path[5.5.0~1531-d619]:main():lattice-best-path.cc:99) For utterance 6031323521_0118, best cost 20.8964 + 1316.52 = 1337.42 over 178 frames.
6031323521_0118 มี เบียร์ ไหม 
LOG (lattice-best-path[5.5.0~1531-d619]:main():lattice-best-path.cc:99) For utterance 6031323521_0120, best cost 30.0211 + 1268.63 = 1298.65 over 160 frames.
6031323521_0120 เกาหลี เปิด ไหม 
LOG (lattice-best-path[5.5.0~1531-d619]:main():lattice-best-path.cc:124) Overall cost per frame is 7.59065 = 0.120739 [graph] + 7.46991 [acoustic] over 13531 frames.
LOG (lattice-best-path[5.5.0~1531-d619]:main():lattice-best-path.cc:128) Done 59 lattices, failed for 0
# Accounting: time=0 threads=1
# Ended (code 0) at Sun May  2 10:02:37 UTC 2021, elapsed time 0 seconds
